  [1m[35m (0.1ms)[0m  [1m[34mSELECT sqlite_version(*)[0m
  â†³ bin/rails:9
  [1m[35m (4.5ms)[0m  [1m[35mCREATE TABLE "schema_migrations" ("version" varchar NOT NULL PRIMARY KEY)[0m
  â†³ bin/rails:9
  [1m[35m (4.6ms)[0m  [1m[35mCREATE TABLE "ar_internal_metadata" ("key" varchar NOT NULL PRIMARY KEY, "value" varchar, "created_at" datetime NOT NULL, "updated_at" datetime NOT NULL)[0m
  â†³ bin/rails:9
  [1m[35m (0.8ms)[0m  [1m[34mSELECT "schema_migrations"."version" FROM "schema_migrations" ORDER BY "schema_migrations"."version" ASC[0m
  â†³ bin/rails:9
Migrating to DeviseCreateUsers (20190811115203)
  [1m[35m (0.0ms)[0m  [1m[36mbegin transaction[0m
  â†³ bin/rails:9
  [1m[35m (3.2ms)[0m  [1m[35mCREATE TABLE "users" ("id" integer PRIMARY KEY AUTOINCREMENT NOT NULL, "email" varchar DEFAULT '' NOT NULL, "encrypted_password" varchar DEFAULT '' NOT NULL, "reset_password_token" varchar, "reset_password_sent_at" datetime, "remember_created_at" datetime, "sign_in_count" integer DEFAULT 0 NOT NULL, "current_sign_in_at" datetime, "last_sign_in_at" datetime, "current_sign_in_ip" varchar, "last_sign_in_ip" varchar, "created_at" datetime NOT NULL, "updated_at" datetime NOT NULL)[0m
  â†³ db/migrate/20190811115203_devise_create_users.rb:5
  [1m[35m (0.2ms)[0m  [1m[35mCREATE UNIQUE INDEX "index_users_on_email" ON "users" ("email")[0m
  â†³ db/migrate/20190811115203_devise_create_users.rb:39
  [1m[35m (0.1ms)[0m  [1m[35mCREATE UNIQUE INDEX "index_users_on_reset_password_token" ON "users" ("reset_password_token")[0m
  â†³ db/migrate/20190811115203_devise_create_users.rb:40
  [1m[36mActiveRecord::SchemaMigration Create (0.5ms)[0m  [1m[32mINSERT INTO "schema_migrations" ("version") VALUES (?)[0m  [["version", "20190811115203"]]
  â†³ bin/rails:9
  [1m[35m (2.1ms)[0m  [1m[36mcommit transaction[0m
  â†³ bin/rails:9
Migrating to DeviseCreateAdmins (20190811115215)
  [1m[35m (0.0ms)[0m  [1m[36mbegin transaction[0m
  â†³ bin/rails:9
  [1m[35m (3.0ms)[0m  [1m[35mCREATE TABLE "admins" ("id" integer PRIMARY KEY AUTOINCREMENT NOT NULL, "email" varchar DEFAULT '' NOT NULL, "encrypted_password" varchar DEFAULT '' NOT NULL, "reset_password_token" varchar, "reset_password_sent_at" datetime, "remember_created_at" datetime, "sign_in_count" integer DEFAULT 0 NOT NULL, "current_sign_in_at" datetime, "last_sign_in_at" datetime, "current_sign_in_ip" varchar, "last_sign_in_ip" varchar, "created_at" datetime NOT NULL, "updated_at" datetime NOT NULL)[0m
  â†³ db/migrate/20190811115215_devise_create_admins.rb:5
  [1m[35m (0.1ms)[0m  [1m[35mCREATE UNIQUE INDEX "index_admins_on_email" ON "admins" ("email")[0m
  â†³ db/migrate/20190811115215_devise_create_admins.rb:39
  [1m[35m (0.1ms)[0m  [1m[35mCREATE UNIQUE INDEX "index_admins_on_reset_password_token" ON "admins" ("reset_password_token")[0m
  â†³ db/migrate/20190811115215_devise_create_admins.rb:40
  [1m[36mActiveRecord::SchemaMigration Create (0.6ms)[0m  [1m[32mINSERT INTO "schema_migrations" ("version") VALUES (?)[0m  [["version", "20190811115215"]]
  â†³ bin/rails:9
  [1m[35m (2.1ms)[0m  [1m[36mcommit transaction[0m
  â†³ bin/rails:9
Migrating to AddDetailsToUsers (20190813163522)
  [1m[35m (0.0ms)[0m  [1m[36mbegin transaction[0m
  â†³ bin/rails:9
  [1m[35m (3.3ms)[0m  [1m[35mALTER TABLE "users" ADD "user_image_id" varchar[0m
  â†³ db/migrate/20190813163522_add_details_to_users.rb:3
  [1m[35m (0.3ms)[0m  [1m[35mALTER TABLE "users" ADD "first_name" varchar[0m
  â†³ db/migrate/20190813163522_add_details_to_users.rb:4
  [1m[35m (0.2ms)[0m  [1m[35mALTER TABLE "users" ADD "last_name" varchar[0m
  â†³ db/migrate/20190813163522_add_details_to_users.rb:5
  [1m[35m (0.3ms)[0m  [1m[35mALTER TABLE "users" ADD "first_name_kana" varchar[0m
  â†³ db/migrate/20190813163522_add_details_to_users.rb:6
  [1m[35m (0.2ms)[0m  [1m[35mALTER TABLE "users" ADD "last_name_kana" varchar[0m
  â†³ db/migrate/20190813163522_add_details_to_users.rb:7
  [1m[35m (0.2ms)[0m  [1m[35mALTER TABLE "users" ADD "nickname" varchar[0m
  â†³ db/migrate/20190813163522_add_details_to_users.rb:8
  [1m[35m (0.2ms)[0m  [1m[35mALTER TABLE "users" ADD "like_genre" integer[0m
  â†³ db/migrate/20190813163522_add_details_to_users.rb:9
  [1m[36mActiveRecord::SchemaMigration Create (0.5ms)[0m  [1m[32mINSERT INTO "schema_migrations" ("version") VALUES (?)[0m  [["version", "20190813163522"]]
  â†³ bin/rails:9
  [1m[35m (1.9ms)[0m  [1m[36mcommit transaction[0m
  â†³ bin/rails:9
Migrating to AddDetailsToAdmins (20190813163608)
  [1m[35m (0.0ms)[0m  [1m[36mbegin transaction[0m
  â†³ bin/rails:9
  [1m[35m (3.2ms)[0m  [1m[35mALTER TABLE "admins" ADD "first_name" varchar[0m
  â†³ db/migrate/20190813163608_add_details_to_admins.rb:3
  [1m[35m (0.3ms)[0m  [1m[35mALTER TABLE "admins" ADD "last_name" varchar[0m
  â†³ db/migrate/20190813163608_add_details_to_admins.rb:4
  [1m[35m (0.3ms)[0m  [1m[35mALTER TABLE "admins" ADD "first_name_kana" varchar[0m
  â†³ db/migrate/20190813163608_add_details_to_admins.rb:5
  [1m[35m (0.2ms)[0m  [1m[35mALTER TABLE "admins" ADD "last_name_kana" varchar[0m
  â†³ db/migrate/20190813163608_add_details_to_admins.rb:6
  [1m[35m (0.2ms)[0m  [1m[35mALTER TABLE "admins" ADD "nickname" varchar[0m
  â†³ db/migrate/20190813163608_add_details_to_admins.rb:7
  [1m[36mActiveRecord::SchemaMigration Create (0.5ms)[0m  [1m[32mINSERT INTO "schema_migrations" ("version") VALUES (?)[0m  [["version", "20190813163608"]]
  â†³ bin/rails:9
  [1m[35m (1.9ms)[0m  [1m[36mcommit transaction[0m
  â†³ bin/rails:9
Migrating to CreateStores (20190813204445)
  [1m[35m (0.0ms)[0m  [1m[36mbegin transaction[0m
  â†³ bin/rails:9
  [1m[35m (3.0ms)[0m  [1m[35mCREATE TABLE "stores" ("id" integer PRIMARY KEY AUTOINCREMENT NOT NULL, "store_name" text, "user_id" integer, "item_image_id" varchar, "favorite_id" integer, "genre" integer, "waittime" integer, "release" integer, "area" integer, "price" integer, "station" varchar, "people_number" integer, "store_address" text, "impression" text, "taste" float, "appearance" float, "atmosphere" float, "latitude" float DEFAULT 36.0, "longitude" float DEFAULT 140.0, "created_at" datetime NOT NULL, "updated_at" datetime NOT NULL)[0m
  â†³ db/migrate/20190813204445_create_stores.rb:3
  [1m[36mActiveRecord::SchemaMigration Create (0.5ms)[0m  [1m[32mINSERT INTO "schema_migrations" ("version") VALUES (?)[0m  [["version", "20190813204445"]]
  â†³ bin/rails:9
  [1m[35m (2.0ms)[0m  [1m[36mcommit transaction[0m
  â†³ bin/rails:9
Migrating to CreateFavorites (20190814045937)
  [1m[35m (0.0ms)[0m  [1m[36mbegin transaction[0m
  â†³ bin/rails:9
  [1m[35m (3.0ms)[0m  [1m[35mCREATE TABLE "favorites" ("id" integer PRIMARY KEY AUTOINCREMENT NOT NULL, "user_id" integer, "store_id" integer, "created_at" datetime NOT NULL, "updated_at" datetime NOT NULL)[0m
  â†³ db/migrate/20190814045937_create_favorites.rb:3
  [1m[36mActiveRecord::SchemaMigration Create (0.6ms)[0m  [1m[32mINSERT INTO "schema_migrations" ("version") VALUES (?)[0m  [["version", "20190814045937"]]
  â†³ bin/rails:9
  [1m[35m (2.0ms)[0m  [1m[36mcommit transaction[0m
  â†³ bin/rails:9
Migrating to CreateStoreImages (20190823170335)
  [1m[35m (0.0ms)[0m  [1m[36mbegin transaction[0m
  â†³ bin/rails:9
  [1m[35m (3.0ms)[0m  [1m[35mCREATE TABLE "store_images" ("id" integer PRIMARY KEY AUTOINCREMENT NOT NULL, "store_id" integer, "item_image_id" varchar, "created_at" datetime NOT NULL, "updated_at" datetime NOT NULL)[0m
  â†³ db/migrate/20190823170335_create_store_images.rb:3
  [1m[36mActiveRecord::SchemaMigration Create (0.5ms)[0m  [1m[32mINSERT INTO "schema_migrations" ("version") VALUES (?)[0m  [["version", "20190823170335"]]
  â†³ bin/rails:9
  [1m[35m (2.0ms)[0m  [1m[36mcommit transaction[0m
  â†³ bin/rails:9
  [1m[36mActiveRecord::InternalMetadata Load (0.9ms)[0m  [1m[34mSELECT  "ar_internal_metadata".* FROM "ar_internal_metadata" WHERE "ar_internal_metadata"."key" = ? LIMIT ?[0m  [["key", "environment"], ["LIMIT", 1]]
  â†³ bin/rails:9
  [1m[35m (0.0ms)[0m  [1m[36mbegin transaction[0m
  â†³ bin/rails:9
  [1m[36mActiveRecord::InternalMetadata Create (3.3ms)[0m  [1m[32mINSERT INTO "ar_internal_metadata" ("key", "value", "created_at", "updated_at") VALUES (?, ?, ?, ?)[0m  [["key", "environment"], ["value", "development"], ["created_at", "2019-08-29 18:41:39.832544"], ["updated_at", "2019-08-29 18:41:39.832544"]]
  â†³ bin/rails:9
  [1m[35m (1.9ms)[0m  [1m[36mcommit transaction[0m
  â†³ bin/rails:9
  [1m[35m (0.8ms)[0m  [1m[34mSELECT "schema_migrations"."version" FROM "schema_migrations" ORDER BY "schema_migrations"."version" ASC[0m
  â†³ bin/rails:9
Started GET "/" for 10.0.2.2 at 2019-08-29 18:41:57 +0000
Cannot render console from 10.0.2.2! Allowed networks: 127.0.0.1, ::1, 127.0.0.0/127.255.255.255
  [1m[35m (1.1ms)[0m  [1m[34mSELECT "schema_migrations"."version" FROM "schema_migrations" ORDER BY "schema_migrations"."version" ASC[0m
  â†³ /var/lib/gems/2.5.0/gems/activerecord-5.2.3/lib/active_record/log_subscriber.rb:98
Processing by TopsController#index as HTML
  Rendering tops/index.html.erb within layouts/application
  Rendered tops/index.html.erb within layouts/application (1.8ms)
Completed 200 OK in 19595ms (Views: 19565.8ms | ActiveRecord: 0.0ms)


  
ActionController::RoutingError (No route matches [GET] "/assets/gotimemo.png"):
  
actionpack (5.2.3) lib/action_dispatch/middleware/debug_exceptions.rb:65:in `call'
web-console (3.7.0) lib/web_console/middleware.rb:135:in `call_app'
web-console (3.7.0) lib/web_console/middleware.rb:22:in `block in call'
web-console (3.7.0) lib/web_console/middleware.rb:20:in `catch'
web-console (3.7.0) lib/web_console/middleware.rb:20:in `call'
actionpack (5.2.3) lib/action_dispatch/middleware/show_exceptions.rb:33:in `call'
railties (5.2.3) lib/rails/rack/logger.rb:38:in `call_app'
railties (5.2.3) lib/rails/rack/logger.rb:26:in `block in call'
activesupport (5.2.3) lib/active_support/tagged_logging.rb:71:in `block in tagged'
activesupport (5.2.3) lib/active_support/tagged_logging.rb:28:in `tagged'
activesupport (5.2.3) lib/active_support/tagged_logging.rb:71:in `tagged'
railties (5.2.3) lib/rails/rack/logger.rb:26:in `call'
sprockets-rails (3.2.1) lib/sprockets/rails/quiet_assets.rb:11:in `block in call'
activesupport (5.2.3) lib/active_support/logger_silence.rb:21:in `silence'
activesupport (5.2.3) lib/active_support/logger.rb:65:in `block (3 levels) in broadcast'
activesupport (5.2.3) lib/active_support/logger_silence.rb:21:in `silence'
activesupport (5.2.3) lib/active_support/logger.rb:63:in `block (2 levels) in broadcast'
sprockets-rails (3.2.1) lib/sprockets/rails/quiet_assets.rb:11:in `call'
actionpack (5.2.3) lib/action_dispatch/middleware/remote_ip.rb:81:in `call'
actionpack (5.2.3) lib/action_dispatch/middleware/request_id.rb:27:in `call'
rack (2.0.7) lib/rack/method_override.rb:22:in `call'
rack (2.0.7) lib/rack/runtime.rb:22:in `call'
activesupport (5.2.3) lib/active_support/cache/strategy/local_cache_middleware.rb:29:in `call'
actionpack (5.2.3) lib/action_dispatch/middleware/executor.rb:14:in `call'
actionpack (5.2.3) lib/action_dispatch/middleware/static.rb:127:in `call'
rack (2.0.7) lib/rack/sendfile.rb:111:in `call'
railties (5.2.3) lib/rails/engine.rb:524:in `call'
puma (3.12.1) lib/puma/configuration.rb:227:in `call'
puma (3.12.1) lib/puma/server.rb:660:in `handle_request'
puma (3.12.1) lib/puma/server.rb:474:in `process_client'
puma (3.12.1) lib/puma/server.rb:334:in `block in run'
puma (3.12.1) lib/puma/thread_pool.rb:135:in `block in spawn_thread'
Started GET "/images/food1-2.jpg" for 10.0.2.2 at 2019-08-29 18:42:17 +0000
Cannot render console from 10.0.2.2! Allowed networks: 127.0.0.1, ::1, 127.0.0.0/127.255.255.255
  
ActionController::RoutingError (No route matches [GET] "/images/food1-2.jpg"):
  
actionpack (5.2.3) lib/action_dispatch/middleware/debug_exceptions.rb:65:in `call'
web-console (3.7.0) lib/web_console/middleware.rb:135:in `call_app'
web-console (3.7.0) lib/web_console/middleware.rb:22:in `block in call'
web-console (3.7.0) lib/web_console/middleware.rb:20:in `catch'
web-console (3.7.0) lib/web_console/middleware.rb:20:in `call'
actionpack (5.2.3) lib/action_dispatch/middleware/show_exceptions.rb:33:in `call'
railties (5.2.3) lib/rails/rack/logger.rb:38:in `call_app'
railties (5.2.3) lib/rails/rack/logger.rb:26:in `block in call'
activesupport (5.2.3) lib/active_support/tagged_logging.rb:71:in `block in tagged'
activesupport (5.2.3) lib/active_support/tagged_logging.rb:28:in `tagged'
activesupport (5.2.3) lib/active_support/tagged_logging.rb:71:in `tagged'
railties (5.2.3) lib/rails/rack/logger.rb:26:in `call'
sprockets-rails (3.2.1) lib/sprockets/rails/quiet_assets.rb:13:in `call'
actionpack (5.2.3) lib/action_dispatch/middleware/remote_ip.rb:81:in `call'
actionpack (5.2.3) lib/action_dispatch/middleware/request_id.rb:27:in `call'
rack (2.0.7) lib/rack/method_override.rb:22:in `call'
rack (2.0.7) lib/rack/runtime.rb:22:in `call'
activesupport (5.2.3) lib/active_support/cache/strategy/local_cache_middleware.rb:29:in `call'
actionpack (5.2.3) lib/action_dispatch/middleware/executor.rb:14:in `call'
actionpack (5.2.3) lib/action_dispatch/middleware/static.rb:127:in `call'
rack (2.0.7) lib/rack/sendfile.rb:111:in `call'
railties (5.2.3) lib/rails/engine.rb:524:in `call'
puma (3.12.1) lib/puma/configuration.rb:227:in `call'
puma (3.12.1) lib/puma/server.rb:660:in `handle_request'
puma (3.12.1) lib/puma/server.rb:474:in `process_client'
puma (3.12.1) lib/puma/server.rb:334:in `block in run'
puma (3.12.1) lib/puma/thread_pool.rb:135:in `block in spawn_thread'
Started GET "/images/food1-1.jpg" for 10.0.2.2 at 2019-08-29 18:42:17 +0000
Cannot render console from 10.0.2.2! Allowed networks: 127.0.0.1, ::1, 127.0.0.0/127.255.255.255
  
ActionController::RoutingError (No route matches [GET] "/images/food1-1.jpg"):
  
actionpack (5.2.3) lib/action_dispatch/middleware/debug_exceptions.rb:65:in `call'
web-console (3.7.0) lib/web_console/middleware.rb:135:in `call_app'
web-console (3.7.0) lib/web_console/middleware.rb:22:in `block in call'
web-console (3.7.0) lib/web_console/middleware.rb:20:in `catch'
web-console (3.7.0) lib/web_console/middleware.rb:20:in `call'
actionpack (5.2.3) lib/action_dispatch/middleware/show_exceptions.rb:33:in `call'
railties (5.2.3) lib/rails/rack/logger.rb:38:in `call_app'
railties (5.2.3) lib/rails/rack/logger.rb:26:in `block in call'
activesupport (5.2.3) lib/active_support/tagged_logging.rb:71:in `block in tagged'
activesupport (5.2.3) lib/active_support/tagged_logging.rb:28:in `tagged'
activesupport (5.2.3) lib/active_support/tagged_logging.rb:71:in `tagged'
railties (5.2.3) lib/rails/rack/logger.rb:26:in `call'
sprockets-rails (3.2.1) lib/sprockets/rails/quiet_assets.rb:13:in `call'
actionpack (5.2.3) lib/action_dispatch/middleware/remote_ip.rb:81:in `call'
actionpack (5.2.3) lib/action_dispatch/middleware/request_id.rb:27:in `call'
rack (2.0.7) lib/rack/method_override.rb:22:in `call'
rack (2.0.7) lib/rack/runtime.rb:22:in `call'
activesupport (5.2.3) lib/active_support/cache/strategy/local_cache_middleware.rb:29:in `call'
actionpack (5.2.3) lib/action_dispatch/middleware/executor.rb:14:in `call'
actionpack (5.2.3) lib/action_dispatch/middleware/static.rb:127:in `call'
rack (2.0.7) lib/rack/sendfile.rb:111:in `call'
railties (5.2.3) lib/rails/engine.rb:524:in `call'
puma (3.12.1) lib/puma/configuration.rb:227:in `call'
puma (3.12.1) lib/puma/server.rb:660:in `handle_request'
puma (3.12.1) lib/puma/server.rb:474:in `process_client'
puma (3.12.1) lib/puma/server.rb:334:in `block in run'
puma (3.12.1) lib/puma/thread_pool.rb:135:in `block in spawn_thread'
Started GET "/users/sign_in" for 10.0.2.2 at 2019-08-29 18:44:42 +0000
Cannot render console from 10.0.2.2! Allowed networks: 127.0.0.1, ::1, 127.0.0.0/127.255.255.255
Processing by Users::SessionsController#new as HTML
  Rendering users/sessions/new.html.erb within layouts/application
  Rendered users/shared/_links.html.erb (1.1ms)
  Rendered users/sessions/new.html.erb within layouts/application (327.4ms)
Completed 200 OK in 778ms (Views: 751.7ms | ActiveRecord: 5.5ms)


  
ActionController::RoutingError (No route matches [GET] "/assets/gotimemo.png"):
  
actionpack (5.2.3) lib/action_dispatch/middleware/debug_exceptions.rb:65:in `call'
web-console (3.7.0) lib/web_console/middleware.rb:135:in `call_app'
web-console (3.7.0) lib/web_console/middleware.rb:22:in `block in call'
web-console (3.7.0) lib/web_console/middleware.rb:20:in `catch'
web-console (3.7.0) lib/web_console/middleware.rb:20:in `call'
actionpack (5.2.3) lib/action_dispatch/middleware/show_exceptions.rb:33:in `call'
railties (5.2.3) lib/rails/rack/logger.rb:38:in `call_app'
railties (5.2.3) lib/rails/rack/logger.rb:26:in `block in call'
activesupport (5.2.3) lib/active_support/tagged_logging.rb:71:in `block in tagged'
activesupport (5.2.3) lib/active_support/tagged_logging.rb:28:in `tagged'
activesupport (5.2.3) lib/active_support/tagged_logging.rb:71:in `tagged'
railties (5.2.3) lib/rails/rack/logger.rb:26:in `call'
sprockets-rails (3.2.1) lib/sprockets/rails/quiet_assets.rb:11:in `block in call'
activesupport (5.2.3) lib/active_support/logger_silence.rb:21:in `silence'
activesupport (5.2.3) lib/active_support/logger.rb:65:in `block (3 levels) in broadcast'
activesupport (5.2.3) lib/active_support/logger_silence.rb:21:in `silence'
activesupport (5.2.3) lib/active_support/logger.rb:63:in `block (2 levels) in broadcast'
sprockets-rails (3.2.1) lib/sprockets/rails/quiet_assets.rb:11:in `call'
actionpack (5.2.3) lib/action_dispatch/middleware/remote_ip.rb:81:in `call'
actionpack (5.2.3) lib/action_dispatch/middleware/request_id.rb:27:in `call'
rack (2.0.7) lib/rack/method_override.rb:22:in `call'
rack (2.0.7) lib/rack/runtime.rb:22:in `call'
activesupport (5.2.3) lib/active_support/cache/strategy/local_cache_middleware.rb:29:in `call'
actionpack (5.2.3) lib/action_dispatch/middleware/executor.rb:14:in `call'
actionpack (5.2.3) lib/action_dispatch/middleware/static.rb:127:in `call'
rack (2.0.7) lib/rack/sendfile.rb:111:in `call'
railties (5.2.3) lib/rails/engine.rb:524:in `call'
puma (3.12.1) lib/puma/configuration.rb:227:in `call'
puma (3.12.1) lib/puma/server.rb:660:in `handle_request'
puma (3.12.1) lib/puma/server.rb:474:in `process_client'
puma (3.12.1) lib/puma/server.rb:334:in `block in run'
puma (3.12.1) lib/puma/thread_pool.rb:135:in `block in spawn_thread'
Started POST "/users/sign_in" for 10.0.2.2 at 2019-08-29 18:45:01 +0000
Cannot render console from 10.0.2.2! Allowed networks: 127.0.0.1, ::1, 127.0.0.0/127.255.255.255
Processing by Users::SessionsController#create as HTML
  Parameters: {"utf8"=>"âœ“", "authenticity_token"=>"1cU/Rk/BnK/xzPdL5S2WWRfWFdNTi8HR5/vUAtDjB+GUJxBq3SISpWesDo0eG9r2fEGxieBHF+yWTmI1piK5tA==", "user"=>{"email"=>"koudai2940sura@gmail.com", "password"=>"[FILTERED]", "remember_me"=>"0"}, "commit"=>"ãƒ­ã‚°ã‚¤ãƒ³"}
  [1m[36mUser Load (1.4ms)[0m  [1m[34mSELECT  "users".* FROM "users" WHERE "users"."email" = ? ORDER BY "users"."id" ASC LIMIT ?[0m  [["email", "koudai2940sura@gmail.com"], ["LIMIT", 1]]
  â†³ /var/lib/gems/2.5.0/gems/activerecord-5.2.3/lib/active_record/log_subscriber.rb:98
Completed 401 Unauthorized in 5ms (ActiveRecord: 1.4ms)


Processing by Users::SessionsController#new as HTML
  Parameters: {"utf8"=>"âœ“", "authenticity_token"=>"1cU/Rk/BnK/xzPdL5S2WWRfWFdNTi8HR5/vUAtDjB+GUJxBq3SISpWesDo0eG9r2fEGxieBHF+yWTmI1piK5tA==", "user"=>{"email"=>"koudai2940sura@gmail.com", "password"=>"[FILTERED]", "remember_me"=>"0"}, "commit"=>"ãƒ­ã‚°ã‚¤ãƒ³"}
  Rendering users/sessions/new.html.erb within layouts/application
  Rendered users/shared/_links.html.erb (1.0ms)
  Rendered users/sessions/new.html.erb within layouts/application (25.8ms)
Completed 200 OK in 571ms (Views: 470.0ms | ActiveRecord: 0.0ms)


  
ActionController::RoutingError (No route matches [GET] "/assets/gotimemo.png"):
  
actionpack (5.2.3) lib/action_dispatch/middleware/debug_exceptions.rb:65:in `call'
web-console (3.7.0) lib/web_console/middleware.rb:135:in `call_app'
web-console (3.7.0) lib/web_console/middleware.rb:22:in `block in call'
web-console (3.7.0) lib/web_console/middleware.rb:20:in `catch'
web-console (3.7.0) lib/web_console/middleware.rb:20:in `call'
actionpack (5.2.3) lib/action_dispatch/middleware/show_exceptions.rb:33:in `call'
railties (5.2.3) lib/rails/rack/logger.rb:38:in `call_app'
railties (5.2.3) lib/rails/rack/logger.rb:26:in `block in call'
activesupport (5.2.3) lib/active_support/tagged_logging.rb:71:in `block in tagged'
activesupport (5.2.3) lib/active_support/tagged_logging.rb:28:in `tagged'
activesupport (5.2.3) lib/active_support/tagged_logging.rb:71:in `tagged'
railties (5.2.3) lib/rails/rack/logger.rb:26:in `call'
sprockets-rails (3.2.1) lib/sprockets/rails/quiet_assets.rb:11:in `block in call'
activesupport (5.2.3) lib/active_support/logger_silence.rb:21:in `silence'
activesupport (5.2.3) lib/active_support/logger.rb:65:in `block (3 levels) in broadcast'
activesupport (5.2.3) lib/active_support/logger_silence.rb:21:in `silence'
activesupport (5.2.3) lib/active_support/logger.rb:63:in `block (2 levels) in broadcast'
sprockets-rails (3.2.1) lib/sprockets/rails/quiet_assets.rb:11:in `call'
actionpack (5.2.3) lib/action_dispatch/middleware/remote_ip.rb:81:in `call'
actionpack (5.2.3) lib/action_dispatch/middleware/request_id.rb:27:in `call'
rack (2.0.7) lib/rack/method_override.rb:22:in `call'
rack (2.0.7) lib/rack/runtime.rb:22:in `call'
activesupport (5.2.3) lib/active_support/cache/strategy/local_cache_middleware.rb:29:in `call'
actionpack (5.2.3) lib/action_dispatch/middleware/executor.rb:14:in `call'
actionpack (5.2.3) lib/action_dispatch/middleware/static.rb:127:in `call'
rack (2.0.7) lib/rack/sendfile.rb:111:in `call'
railties (5.2.3) lib/rails/engine.rb:524:in `call'
puma (3.12.1) lib/puma/configuration.rb:227:in `call'
puma (3.12.1) lib/puma/server.rb:660:in `handle_request'
puma (3.12.1) lib/puma/server.rb:474:in `process_client'
puma (3.12.1) lib/puma/server.rb:334:in `block in run'
puma (3.12.1) lib/puma/thread_pool.rb:135:in `block in spawn_thread'
Started GET "/users/sign_up" for 10.0.2.2 at 2019-08-29 18:45:04 +0000
Cannot render console from 10.0.2.2! Allowed networks: 127.0.0.1, ::1, 127.0.0.0/127.255.255.255
Processing by Users::RegistrationsController#new as HTML
  Rendering users/registrations/new.html.erb within layouts/application
  Rendered users/shared/_links.html.erb (1.0ms)
  Rendered users/registrations/new.html.erb within layouts/application (25.9ms)
Completed 200 OK in 460ms (Views: 459.5ms | ActiveRecord: 0.0ms)


  
ActionController::RoutingError (No route matches [GET] "/assets/gotimemo.png"):
  
actionpack (5.2.3) lib/action_dispatch/middleware/debug_exceptions.rb:65:in `call'
web-console (3.7.0) lib/web_console/middleware.rb:135:in `call_app'
web-console (3.7.0) lib/web_console/middleware.rb:22:in `block in call'
web-console (3.7.0) lib/web_console/middleware.rb:20:in `catch'
web-console (3.7.0) lib/web_console/middleware.rb:20:in `call'
actionpack (5.2.3) lib/action_dispatch/middleware/show_exceptions.rb:33:in `call'
railties (5.2.3) lib/rails/rack/logger.rb:38:in `call_app'
railties (5.2.3) lib/rails/rack/logger.rb:26:in `block in call'
activesupport (5.2.3) lib/active_support/tagged_logging.rb:71:in `block in tagged'
activesupport (5.2.3) lib/active_support/tagged_logging.rb:28:in `tagged'
activesupport (5.2.3) lib/active_support/tagged_logging.rb:71:in `tagged'
railties (5.2.3) lib/rails/rack/logger.rb:26:in `call'
sprockets-rails (3.2.1) lib/sprockets/rails/quiet_assets.rb:11:in `block in call'
activesupport (5.2.3) lib/active_support/logger_silence.rb:21:in `silence'
activesupport (5.2.3) lib/active_support/logger.rb:65:in `block (3 levels) in broadcast'
activesupport (5.2.3) lib/active_support/logger_silence.rb:21:in `silence'
activesupport (5.2.3) lib/active_support/logger.rb:63:in `block (2 levels) in broadcast'
sprockets-rails (3.2.1) lib/sprockets/rails/quiet_assets.rb:11:in `call'
actionpack (5.2.3) lib/action_dispatch/middleware/remote_ip.rb:81:in `call'
actionpack (5.2.3) lib/action_dispatch/middleware/request_id.rb:27:in `call'
rack (2.0.7) lib/rack/method_override.rb:22:in `call'
rack (2.0.7) lib/rack/runtime.rb:22:in `call'
activesupport (5.2.3) lib/active_support/cache/strategy/local_cache_middleware.rb:29:in `call'
actionpack (5.2.3) lib/action_dispatch/middleware/executor.rb:14:in `call'
actionpack (5.2.3) lib/action_dispatch/middleware/static.rb:127:in `call'
rack (2.0.7) lib/rack/sendfile.rb:111:in `call'
railties (5.2.3) lib/rails/engine.rb:524:in `call'
puma (3.12.1) lib/puma/configuration.rb:227:in `call'
puma (3.12.1) lib/puma/server.rb:660:in `handle_request'
puma (3.12.1) lib/puma/server.rb:474:in `process_client'
puma (3.12.1) lib/puma/server.rb:334:in `block in run'
puma (3.12.1) lib/puma/thread_pool.rb:135:in `block in spawn_thread'
Started POST "/users" for 10.0.2.2 at 2019-08-29 18:45:52 +0000
Cannot render console from 10.0.2.2! Allowed networks: 127.0.0.1, ::1, 127.0.0.0/127.255.255.255
Processing by Users::RegistrationsController#create as HTML
  Parameters: {"utf8"=>"âœ“", "authenticity_token"=>"HolUBN7T2JqOKlJ0q5nnJO6ZkD72igaAvufgnE7zOp1fa3soTDBWkBhKq7JQr6uLhQ40ZEVG0L3PUlarODKEyA==", "user"=>{"first_name_kana"=>"ã‚«ã‚µã‚¤", "last_name_kana"=>"ã‚³ã‚¦ãƒ€ã‚¤", "first_name"=>"è‘›è¥¿", "last_name"=>"æ˜‚å¤§", "nickname"=>"ã¯ã", "email"=>"koudai2940sura@gmail.com", "password"=>"[FILTERED]", "password_confirmation"=>"[FILTERED]"}, "commit"=>"æ–°è¦ç™»éŒ²"}
  [1m[35m (0.1ms)[0m  [1m[36mbegin transaction[0m
  â†³ /var/lib/gems/2.5.0/gems/activerecord-5.2.3/lib/active_record/log_subscriber.rb:98
  [1m[36mUser Exists (1.5ms)[0m  [1m[34mSELECT  1 AS one FROM "users" WHERE "users"."email" = ? LIMIT ?[0m  [["email", "koudai2940sura@gmail.com"], ["LIMIT", 1]]
  â†³ /var/lib/gems/2.5.0/gems/activerecord-5.2.3/lib/active_record/log_subscriber.rb:98
  [1m[36mUser Create (4.5ms)[0m  [1m[32mINSERT INTO "users" ("email", "encrypted_password", "created_at", "updated_at", "first_name", "last_name", "first_name_kana", "last_name_kana", "nickname") VALUES (?, ?, ?, ?, ?, ?, ?, ?, ?)[0m  [["email", "koudai2940sura@gmail.com"], ["encrypted_password", "$2a$11$wofAsJG2TV.AqayoE2oFiu/9qYM1Yh2oR1s/ABuWKOqby1CiDusku"], ["created_at", "2019-08-29 18:45:53.024606"], ["updated_at", "2019-08-29 18:45:53.024606"], ["first_name", "è‘›è¥¿"], ["last_name", "æ˜‚å¤§"], ["first_name_kana", "ã‚«ã‚µã‚¤"], ["last_name_kana", "ã‚³ã‚¦ãƒ€ã‚¤"], ["nickname", "ã¯ã"]]
  â†³ /var/lib/gems/2.5.0/gems/activerecord-5.2.3/lib/active_record/log_subscriber.rb:98
  [1m[35m (2.6ms)[0m  [1m[36mcommit transaction[0m
  â†³ /var/lib/gems/2.5.0/gems/activerecord-5.2.3/lib/active_record/log_subscriber.rb:98
  [1m[35m (0.1ms)[0m  [1m[36mbegin transaction[0m
  â†³ /var/lib/gems/2.5.0/gems/activerecord-5.2.3/lib/active_record/log_subscriber.rb:98
  [1m[36mUser Update (3.4ms)[0m  [1m[33mUPDATE "users" SET "sign_in_count" = ?, "current_sign_in_at" = ?, "last_sign_in_at" = ?, "current_sign_in_ip" = ?, "last_sign_in_ip" = ?, "updated_at" = ? WHERE "users"."id" = ?[0m  [["sign_in_count", 1], ["current_sign_in_at", "2019-08-29 18:45:53.035253"], ["last_sign_in_at", "2019-08-29 18:45:53.035253"], ["current_sign_in_ip", "10.0.2.2"], ["last_sign_in_ip", "10.0.2.2"], ["updated_at", "2019-08-29 18:45:53.036439"], ["id", 1]]
  â†³ /var/lib/gems/2.5.0/gems/activerecord-5.2.3/lib/active_record/log_subscriber.rb:98
  [1m[35m (2.3ms)[0m  [1m[36mcommit transaction[0m
  â†³ /var/lib/gems/2.5.0/gems/activerecord-5.2.3/lib/active_record/log_subscriber.rb:98
Redirected to http://localhost:3000/users/stores
Completed 302 Found in 208ms (ActiveRecord: 14.5ms)


Started GET "/users/stores" for 10.0.2.2 at 2019-08-29 18:45:53 +0000
Cannot render console from 10.0.2.2! Allowed networks: 127.0.0.1, ::1, 127.0.0.0/127.255.255.255
Processing by Users::StoresController#index as HTML
  [1m[36mUser Load (1.3ms)[0m  [1m[34mSELECT  "users".* FROM "users" WHERE "users"."id" = ? ORDER BY "users"."id" ASC LIMIT ?[0m  [["id", 1], ["LIMIT", 1]]
  â†³ /var/lib/gems/2.5.0/gems/activerecord-5.2.3/lib/active_record/log_subscriber.rb:98
  Rendering users/stores/index.html.erb within layouts/application
  [1m[36mStore Load (1.4ms)[0m  [1m[34mSELECT  "stores".* FROM "stores" ORDER BY "stores"."id" DESC LIMIT ? OFFSET ?[0m  [["LIMIT", 20], ["OFFSET", 0]]
  â†³ app/views/users/stores/index.html.erb:18
  Rendered users/stores/index.html.erb within layouts/application (31.7ms)
Completed 200 OK in 510ms (Views: 455.7ms | ActiveRecord: 6.5ms)


  
ActionController::RoutingError (No route matches [GET] "/assets/gotimemo.png"):
  
actionpack (5.2.3) lib/action_dispatch/middleware/debug_exceptions.rb:65:in `call'
web-console (3.7.0) lib/web_console/middleware.rb:135:in `call_app'
web-console (3.7.0) lib/web_console/middleware.rb:22:in `block in call'
web-console (3.7.0) lib/web_console/middleware.rb:20:in `catch'
web-console (3.7.0) lib/web_console/middleware.rb:20:in `call'
actionpack (5.2.3) lib/action_dispatch/middleware/show_exceptions.rb:33:in `call'
railties (5.2.3) lib/rails/rack/logger.rb:38:in `call_app'
railties (5.2.3) lib/rails/rack/logger.rb:26:in `block in call'
activesupport (5.2.3) lib/active_support/tagged_logging.rb:71:in `block in tagged'
activesupport (5.2.3) lib/active_support/tagged_logging.rb:28:in `tagged'
activesupport (5.2.3) lib/active_support/tagged_logging.rb:71:in `tagged'
railties (5.2.3) lib/rails/rack/logger.rb:26:in `call'
sprockets-rails (3.2.1) lib/sprockets/rails/quiet_assets.rb:11:in `block in call'
activesupport (5.2.3) lib/active_support/logger_silence.rb:21:in `silence'
activesupport (5.2.3) lib/active_support/logger.rb:65:in `block (3 levels) in broadcast'
activesupport (5.2.3) lib/active_support/logger_silence.rb:21:in `silence'
activesupport (5.2.3) lib/active_support/logger.rb:63:in `block (2 levels) in broadcast'
sprockets-rails (3.2.1) lib/sprockets/rails/quiet_assets.rb:11:in `call'
actionpack (5.2.3) lib/action_dispatch/middleware/remote_ip.rb:81:in `call'
actionpack (5.2.3) lib/action_dispatch/middleware/request_id.rb:27:in `call'
rack (2.0.7) lib/rack/method_override.rb:22:in `call'
rack (2.0.7) lib/rack/runtime.rb:22:in `call'
activesupport (5.2.3) lib/active_support/cache/strategy/local_cache_middleware.rb:29:in `call'
actionpack (5.2.3) lib/action_dispatch/middleware/executor.rb:14:in `call'
actionpack (5.2.3) lib/action_dispatch/middleware/static.rb:127:in `call'
rack (2.0.7) lib/rack/sendfile.rb:111:in `call'
railties (5.2.3) lib/rails/engine.rb:524:in `call'
puma (3.12.1) lib/puma/configuration.rb:227:in `call'
puma (3.12.1) lib/puma/server.rb:660:in `handle_request'
puma (3.12.1) lib/puma/server.rb:474:in `process_client'
puma (3.12.1) lib/puma/server.rb:334:in `block in run'
puma (3.12.1) lib/puma/thread_pool.rb:135:in `block in spawn_thread'
Started GET "/users/stores/new" for 10.0.2.2 at 2019-08-29 18:45:55 +0000
Cannot render console from 10.0.2.2! Allowed networks: 127.0.0.1, ::1, 127.0.0.0/127.255.255.255
Processing by Users::StoresController#new as HTML
  [1m[36mUser Load (1.2ms)[0m  [1m[34mSELECT  "users".* FROM "users" WHERE "users"."id" = ? ORDER BY "users"."id" ASC LIMIT ?[0m  [["id", 1], ["LIMIT", 1]]
  â†³ /var/lib/gems/2.5.0/gems/activerecord-5.2.3/lib/active_record/log_subscriber.rb:98
  Rendering users/stores/new.html.erb within layouts/application
  Rendered users/stores/new.html.erb within layouts/application (28.2ms)
Completed 200 OK in 476ms (Views: 418.3ms | ActiveRecord: 6.7ms)


  
ActionController::RoutingError (No route matches [GET] "/assets/gotimemo.png"):
  
actionpack (5.2.3) lib/action_dispatch/middleware/debug_exceptions.rb:65:in `call'
web-console (3.7.0) lib/web_console/middleware.rb:135:in `call_app'
web-console (3.7.0) lib/web_console/middleware.rb:22:in `block in call'
web-console (3.7.0) lib/web_console/middleware.rb:20:in `catch'
web-console (3.7.0) lib/web_console/middleware.rb:20:in `call'
actionpack (5.2.3) lib/action_dispatch/middleware/show_exceptions.rb:33:in `call'
railties (5.2.3) lib/rails/rack/logger.rb:38:in `call_app'
railties (5.2.3) lib/rails/rack/logger.rb:26:in `block in call'
activesupport (5.2.3) lib/active_support/tagged_logging.rb:71:in `block in tagged'
activesupport (5.2.3) lib/active_support/tagged_logging.rb:28:in `tagged'
activesupport (5.2.3) lib/active_support/tagged_logging.rb:71:in `tagged'
railties (5.2.3) lib/rails/rack/logger.rb:26:in `call'
sprockets-rails (3.2.1) lib/sprockets/rails/quiet_assets.rb:11:in `block in call'
activesupport (5.2.3) lib/active_support/logger_silence.rb:21:in `silence'
activesupport (5.2.3) lib/active_support/logger.rb:65:in `block (3 levels) in broadcast'
activesupport (5.2.3) lib/active_support/logger_silence.rb:21:in `silence'
activesupport (5.2.3) lib/active_support/logger.rb:63:in `block (2 levels) in broadcast'
sprockets-rails (3.2.1) lib/sprockets/rails/quiet_assets.rb:11:in `call'
actionpack (5.2.3) lib/action_dispatch/middleware/remote_ip.rb:81:in `call'
actionpack (5.2.3) lib/action_dispatch/middleware/request_id.rb:27:in `call'
rack (2.0.7) lib/rack/method_override.rb:22:in `call'
rack (2.0.7) lib/rack/runtime.rb:22:in `call'
activesupport (5.2.3) lib/active_support/cache/strategy/local_cache_middleware.rb:29:in `call'
actionpack (5.2.3) lib/action_dispatch/middleware/executor.rb:14:in `call'
actionpack (5.2.3) lib/action_dispatch/middleware/static.rb:127:in `call'
rack (2.0.7) lib/rack/sendfile.rb:111:in `call'
railties (5.2.3) lib/rails/engine.rb:524:in `call'
puma (3.12.1) lib/puma/configuration.rb:227:in `call'
puma (3.12.1) lib/puma/server.rb:660:in `handle_request'
puma (3.12.1) lib/puma/server.rb:474:in `process_client'
puma (3.12.1) lib/puma/server.rb:334:in `block in run'
puma (3.12.1) lib/puma/thread_pool.rb:135:in `block in spawn_thread'
Started POST "/users/stores" for 10.0.2.2 at 2019-08-29 18:46:06 +0000
Cannot render console from 10.0.2.2! Allowed networks: 127.0.0.1, ::1, 127.0.0.0/127.255.255.255
Processing by Users::StoresController#create as HTML
  Parameters: {"utf8"=>"âœ“", "authenticity_token"=>"IbcyNyzBL0NqFmiRMqV23DN1DVwiDqPEbX5RMQB8MV5gVR0bviKhSfx2kVfJkzpzWOKpBpHCdfkcy+cGdr2PCw==", "store"=>{"store_name"=>"ãƒ†ã‚¹ãƒˆ", "genre"=>"å’Œé£Ÿ", "price"=>"ï½žï¿¥999å††", "waittime"=>"15åˆ†æœªæº€", "taste"=>"1", "appearance"=>"1", "atmosphere"=>"0.5", "release"=>"å…¬é–‹", "area"=>"åŒ—æµ·é“", "station"=>"", "people_number"=>"1äºº", "store_address"=>"", "impression"=>""}, "commit"=>"ãŠåº—ç™»éŒ²"}
  [1m[36mUser Load (1.1ms)[0m  [1m[34mSELECT  "users".* FROM "users" WHERE "users"."id" = ? ORDER BY "users"."id" ASC LIMIT ?[0m  [["id", 1], ["LIMIT", 1]]
  â†³ /var/lib/gems/2.5.0/gems/activerecord-5.2.3/lib/active_record/log_subscriber.rb:98
  [1m[35m (0.1ms)[0m  [1m[36mbegin transaction[0m
  â†³ app/controllers/users/stores_controller.rb:32
  [1m[36mStore Create (5.0ms)[0m  [1m[32mINSERT INTO "stores" ("store_name", "user_id", "genre", "waittime", "release", "area", "price", "station", "people_number", "store_address", "impression", "taste", "appearance", "atmosphere", "latitude", "longitude", "created_at", "updated_at") VALUES (?, ?, ?, ?, ?, ?, ?, ?, ?, ?, ?, ?, ?, ?, ?, ?, ?, ?)[0m  [["store_name", "ãƒ†ã‚¹ãƒˆ"], ["user_id", 1], ["genre", 1], ["waittime", 1], ["release", 1], ["area", 1], ["price", 1], ["station", ""], ["people_number", 1], ["store_address", ""], ["impression", ""], ["taste", 1.0], ["appearance", 1.0], ["atmosphere", 0.5], ["latitude", 43.2203266], ["longitude", 142.8634737], ["created_at", "2019-08-29 18:46:06.866246"], ["updated_at", "2019-08-29 18:46:06.866246"]]
  â†³ app/controllers/users/stores_controller.rb:32
  [1m[35m (3.0ms)[0m  [1m[36mcommit transaction[0m
  â†³ app/controllers/users/stores_controller.rb:32
Redirected to http://localhost:3000/users/stores/1
Completed 302 Found in 233ms (ActiveRecord: 9.3ms)


Started GET "/users/stores/1" for 10.0.2.2 at 2019-08-29 18:46:06 +0000
Cannot render console from 10.0.2.2! Allowed networks: 127.0.0.1, ::1, 127.0.0.0/127.255.255.255
Processing by Users::StoresController#show as HTML
  Parameters: {"id"=>"1"}
  [1m[36mUser Load (1.1ms)[0m  [1m[34mSELECT  "users".* FROM "users" WHERE "users"."id" = ? ORDER BY "users"."id" ASC LIMIT ?[0m  [["id", 1], ["LIMIT", 1]]
  â†³ /var/lib/gems/2.5.0/gems/activerecord-5.2.3/lib/active_record/log_subscriber.rb:98
  [1m[36mStore Load (1.5ms)[0m  [1m[34mSELECT  "stores".* FROM "stores" WHERE "stores"."id" = ? LIMIT ?[0m  [["id", 1], ["LIMIT", 1]]
  â†³ app/controllers/users/stores_controller.rb:20
  Rendering users/stores/show.html.erb within layouts/application
  [1m[36mFavorite Exists (1.5ms)[0m  [1m[34mSELECT  1 AS one FROM "favorites" WHERE "favorites"."store_id" = ? AND "favorites"."user_id" = ? LIMIT ?[0m  [["store_id", 1], ["user_id", 1], ["LIMIT", 1]]
  â†³ app/models/store.rb:36
  [1m[36mStoreImage Load (1.4ms)[0m  [1m[34mSELECT "store_images".* FROM "store_images" WHERE "store_images"."store_id" = ?[0m  [["store_id", 1]]
  â†³ app/views/users/stores/show.html.erb:34
  [1m[36mUser Load (1.1ms)[0m  [1m[34mSELECT  "users".* FROM "users" WHERE "users"."id" = ? LIMIT ?[0m  [["id", 1], ["LIMIT", 1]]
  â†³ app/views/users/stores/show.html.erb:157
  Rendered users/stores/show.html.erb within layouts/application (56.4ms)
Completed 200 OK in 566ms (Views: 525.2ms | ActiveRecord: 8.6ms)


  
ActionController::RoutingError (No route matches [GET] "/assets/gotimemo.png"):
  
actionpack (5.2.3) lib/action_dispatch/middleware/debug_exceptions.rb:65:in `call'
web-console (3.7.0) lib/web_console/middleware.rb:135:in `call_app'
web-console (3.7.0) lib/web_console/middleware.rb:22:in `block in call'
web-console (3.7.0) lib/web_console/middleware.rb:20:in `catch'
web-console (3.7.0) lib/web_console/middleware.rb:20:in `call'
actionpack (5.2.3) lib/action_dispatch/middleware/show_exceptions.rb:33:in `call'
railties (5.2.3) lib/rails/rack/logger.rb:38:in `call_app'
railties (5.2.3) lib/rails/rack/logger.rb:26:in `block in call'
activesupport (5.2.3) lib/active_support/tagged_logging.rb:71:in `block in tagged'
activesupport (5.2.3) lib/active_support/tagged_logging.rb:28:in `tagged'
activesupport (5.2.3) lib/active_support/tagged_logging.rb:71:in `tagged'
railties (5.2.3) lib/rails/rack/logger.rb:26:in `call'
sprockets-rails (3.2.1) lib/sprockets/rails/quiet_assets.rb:11:in `block in call'
activesupport (5.2.3) lib/active_support/logger_silence.rb:21:in `silence'
activesupport (5.2.3) lib/active_support/logger.rb:65:in `block (3 levels) in broadcast'
activesupport (5.2.3) lib/active_support/logger_silence.rb:21:in `silence'
activesupport (5.2.3) lib/active_support/logger.rb:63:in `block (2 levels) in broadcast'
sprockets-rails (3.2.1) lib/sprockets/rails/quiet_assets.rb:11:in `call'
actionpack (5.2.3) lib/action_dispatch/middleware/remote_ip.rb:81:in `call'
actionpack (5.2.3) lib/action_dispatch/middleware/request_id.rb:27:in `call'
rack (2.0.7) lib/rack/method_override.rb:22:in `call'
rack (2.0.7) lib/rack/runtime.rb:22:in `call'
activesupport (5.2.3) lib/active_support/cache/strategy/local_cache_middleware.rb:29:in `call'
actionpack (5.2.3) lib/action_dispatch/middleware/executor.rb:14:in `call'
actionpack (5.2.3) lib/action_dispatch/middleware/static.rb:127:in `call'
rack (2.0.7) lib/rack/sendfile.rb:111:in `call'
railties (5.2.3) lib/rails/engine.rb:524:in `call'
puma (3.12.1) lib/puma/configuration.rb:227:in `call'
puma (3.12.1) lib/puma/server.rb:660:in `handle_request'
puma (3.12.1) lib/puma/server.rb:474:in `process_client'
puma (3.12.1) lib/puma/server.rb:334:in `block in run'
puma (3.12.1) lib/puma/thread_pool.rb:135:in `block in spawn_thread'
Started GET "/users/stores/1" for 10.0.2.2 at 2019-08-29 18:48:11 +0000
Cannot render console from 10.0.2.2! Allowed networks: 127.0.0.1, ::1, 127.0.0.0/127.255.255.255
Processing by Users::StoresController#show as HTML
  Parameters: {"id"=>"1"}
  [1m[36mUser Load (1.2ms)[0m  [1m[34mSELECT  "users".* FROM "users" WHERE "users"."id" = ? ORDER BY "users"."id" ASC LIMIT ?[0m  [["id", 1], ["LIMIT", 1]]
  â†³ /var/lib/gems/2.5.0/gems/activerecord-5.2.3/lib/active_record/log_subscriber.rb:98
  [1m[36mStore Load (1.0ms)[0m  [1m[34mSELECT  "stores".* FROM "stores" WHERE "stores"."id" = ? LIMIT ?[0m  [["id", 1], ["LIMIT", 1]]
  â†³ app/controllers/users/stores_controller.rb:20
  Rendering users/stores/show.html.erb within layouts/application
  [1m[36mFavorite Exists (1.2ms)[0m  [1m[34mSELECT  1 AS one FROM "favorites" WHERE "favorites"."store_id" = ? AND "favorites"."user_id" = ? LIMIT ?[0m  [["store_id", 1], ["user_id", 1], ["LIMIT", 1]]
  â†³ app/models/store.rb:36
  [1m[36mStoreImage Load (1.4ms)[0m  [1m[34mSELECT "store_images".* FROM "store_images" WHERE "store_images"."store_id" = ?[0m  [["store_id", 1]]
  â†³ app/views/users/stores/show.html.erb:34
  [1m[36mUser Load (0.9ms)[0m  [1m[34mSELECT  "users".* FROM "users" WHERE "users"."id" = ? LIMIT ?[0m  [["id", 1], ["LIMIT", 1]]
  â†³ app/views/users/stores/show.html.erb:157
  Rendered users/stores/show.html.erb within layouts/application (40.6ms)
Completed 200 OK in 468ms (Views: 436.4ms | ActiveRecord: 5.6ms)


  
ActionController::RoutingError (No route matches [GET] "/assets/gotimemo.png"):
  
actionpack (5.2.3) lib/action_dispatch/middleware/debug_exceptions.rb:65:in `call'
web-console (3.7.0) lib/web_console/middleware.rb:135:in `call_app'
web-console (3.7.0) lib/web_console/middleware.rb:22:in `block in call'
web-console (3.7.0) lib/web_console/middleware.rb:20:in `catch'
web-console (3.7.0) lib/web_console/middleware.rb:20:in `call'
actionpack (5.2.3) lib/action_dispatch/middleware/show_exceptions.rb:33:in `call'
railties (5.2.3) lib/rails/rack/logger.rb:38:in `call_app'
railties (5.2.3) lib/rails/rack/logger.rb:26:in `block in call'
activesupport (5.2.3) lib/active_support/tagged_logging.rb:71:in `block in tagged'
activesupport (5.2.3) lib/active_support/tagged_logging.rb:28:in `tagged'
activesupport (5.2.3) lib/active_support/tagged_logging.rb:71:in `tagged'
railties (5.2.3) lib/rails/rack/logger.rb:26:in `call'
sprockets-rails (3.2.1) lib/sprockets/rails/quiet_assets.rb:11:in `block in call'
activesupport (5.2.3) lib/active_support/logger_silence.rb:21:in `silence'
activesupport (5.2.3) lib/active_support/logger.rb:65:in `block (3 levels) in broadcast'
activesupport (5.2.3) lib/active_support/logger_silence.rb:21:in `silence'
activesupport (5.2.3) lib/active_support/logger.rb:63:in `block (2 levels) in broadcast'
sprockets-rails (3.2.1) lib/sprockets/rails/quiet_assets.rb:11:in `call'
actionpack (5.2.3) lib/action_dispatch/middleware/remote_ip.rb:81:in `call'
actionpack (5.2.3) lib/action_dispatch/middleware/request_id.rb:27:in `call'
rack (2.0.7) lib/rack/method_override.rb:22:in `call'
rack (2.0.7) lib/rack/runtime.rb:22:in `call'
activesupport (5.2.3) lib/active_support/cache/strategy/local_cache_middleware.rb:29:in `call'
actionpack (5.2.3) lib/action_dispatch/middleware/executor.rb:14:in `call'
actionpack (5.2.3) lib/action_dispatch/middleware/static.rb:127:in `call'
rack (2.0.7) lib/rack/sendfile.rb:111:in `call'
railties (5.2.3) lib/rails/engine.rb:524:in `call'
puma (3.12.1) lib/puma/configuration.rb:227:in `call'
puma (3.12.1) lib/puma/server.rb:660:in `handle_request'
puma (3.12.1) lib/puma/server.rb:474:in `process_client'
puma (3.12.1) lib/puma/server.rb:334:in `block in run'
puma (3.12.1) lib/puma/thread_pool.rb:135:in `block in spawn_thread'
Started GET "/users/stores/1" for 10.0.2.2 at 2019-08-29 18:48:27 +0000
Cannot render console from 10.0.2.2! Allowed networks: 127.0.0.1, ::1, 127.0.0.0/127.255.255.255
  [1m[35m (1.4ms)[0m  [1m[34mSELECT "schema_migrations"."version" FROM "schema_migrations" ORDER BY "schema_migrations"."version" ASC[0m
  â†³ /var/lib/gems/2.5.0/gems/activerecord-5.2.3/lib/active_record/log_subscriber.rb:98
Processing by Users::StoresController#show as HTML
  Parameters: {"id"=>"1"}
  [1m[36mUser Load (1.1ms)[0m  [1m[34mSELECT  "users".* FROM "users" WHERE "users"."id" = ? ORDER BY "users"."id" ASC LIMIT ?[0m  [["id", 1], ["LIMIT", 1]]
  â†³ /var/lib/gems/2.5.0/gems/activerecord-5.2.3/lib/active_record/log_subscriber.rb:98
  [1m[36mStore Load (1.0ms)[0m  [1m[34mSELECT  "stores".* FROM "stores" WHERE "stores"."id" = ? LIMIT ?[0m  [["id", 1], ["LIMIT", 1]]
  â†³ app/controllers/users/stores_controller.rb:20
  Rendering users/stores/show.html.erb within layouts/application
  [1m[36mFavorite Exists (0.9ms)[0m  [1m[34mSELECT  1 AS one FROM "favorites" WHERE "favorites"."store_id" = ? AND "favorites"."user_id" = ? LIMIT ?[0m  [["store_id", 1], ["user_id", 1], ["LIMIT", 1]]
  â†³ app/models/store.rb:36
  [1m[36mStoreImage Load (0.9ms)[0m  [1m[34mSELECT "store_images".* FROM "store_images" WHERE "store_images"."store_id" = ?[0m  [["store_id", 1]]
  â†³ app/views/users/stores/show.html.erb:34
  [1m[36mUser Load (1.3ms)[0m  [1m[34mSELECT  "users".* FROM "users" WHERE "users"."id" = ? LIMIT ?[0m  [["id", 1], ["LIMIT", 1]]
  â†³ app/views/users/stores/show.html.erb:157
  Rendered users/stores/show.html.erb within layouts/application (1287.6ms)
Completed 200 OK in 2142ms (Views: 2029.5ms | ActiveRecord: 18.8ms)


  
ActionController::RoutingError (No route matches [GET] "/assets/gotimemo.png"):
  
actionpack (5.2.3) lib/action_dispatch/middleware/debug_exceptions.rb:65:in `call'
web-console (3.7.0) lib/web_console/middleware.rb:135:in `call_app'
web-console (3.7.0) lib/web_console/middleware.rb:22:in `block in call'
web-console (3.7.0) lib/web_console/middleware.rb:20:in `catch'
web-console (3.7.0) lib/web_console/middleware.rb:20:in `call'
actionpack (5.2.3) lib/action_dispatch/middleware/show_exceptions.rb:33:in `call'
railties (5.2.3) lib/rails/rack/logger.rb:38:in `call_app'
railties (5.2.3) lib/rails/rack/logger.rb:26:in `block in call'
activesupport (5.2.3) lib/active_support/tagged_logging.rb:71:in `block in tagged'
activesupport (5.2.3) lib/active_support/tagged_logging.rb:28:in `tagged'
activesupport (5.2.3) lib/active_support/tagged_logging.rb:71:in `tagged'
railties (5.2.3) lib/rails/rack/logger.rb:26:in `call'
sprockets-rails (3.2.1) lib/sprockets/rails/quiet_assets.rb:11:in `block in call'
activesupport (5.2.3) lib/active_support/logger_silence.rb:21:in `silence'
activesupport (5.2.3) lib/active_support/logger.rb:65:in `block (3 levels) in broadcast'
activesupport (5.2.3) lib/active_support/logger_silence.rb:21:in `silence'
activesupport (5.2.3) lib/active_support/logger.rb:63:in `block (2 levels) in broadcast'
sprockets-rails (3.2.1) lib/sprockets/rails/quiet_assets.rb:11:in `call'
actionpack (5.2.3) lib/action_dispatch/middleware/remote_ip.rb:81:in `call'
actionpack (5.2.3) lib/action_dispatch/middleware/request_id.rb:27:in `call'
rack (2.0.7) lib/rack/method_override.rb:22:in `call'
rack (2.0.7) lib/rack/runtime.rb:22:in `call'
activesupport (5.2.3) lib/active_support/cache/strategy/local_cache_middleware.rb:29:in `call'
actionpack (5.2.3) lib/action_dispatch/middleware/executor.rb:14:in `call'
actionpack (5.2.3) lib/action_dispatch/middleware/static.rb:127:in `call'
rack (2.0.7) lib/rack/sendfile.rb:111:in `call'
railties (5.2.3) lib/rails/engine.rb:524:in `call'
puma (3.12.1) lib/puma/configuration.rb:227:in `call'
puma (3.12.1) lib/puma/server.rb:660:in `handle_request'
puma (3.12.1) lib/puma/server.rb:474:in `process_client'
puma (3.12.1) lib/puma/server.rb:334:in `block in run'
puma (3.12.1) lib/puma/thread_pool.rb:135:in `block in spawn_thread'
Started GET "/" for 10.0.2.2 at 2019-08-29 18:48:32 +0000
Cannot render console from 10.0.2.2! Allowed networks: 127.0.0.1, ::1, 127.0.0.0/127.255.255.255
Processing by TopsController#index as HTML
  Rendering tops/index.html.erb within layouts/application
  Rendered tops/index.html.erb within layouts/application (1.2ms)
  [1m[36mUser Load (1.8ms)[0m  [1m[34mSELECT  "users".* FROM "users" WHERE "users"."id" = ? ORDER BY "users"."id" ASC LIMIT ?[0m  [["id", 1], ["LIMIT", 1]]
  â†³ app/views/layouts/application.html.erb:28
Completed 200 OK in 509ms (Views: 485.2ms | ActiveRecord: 1.8ms)


  
ActionController::RoutingError (No route matches [GET] "/assets/gotimemo.png"):
  
actionpack (5.2.3) lib/action_dispatch/middleware/debug_exceptions.rb:65:in `call'
web-console (3.7.0) lib/web_console/middleware.rb:135:in `call_app'
web-console (3.7.0) lib/web_console/middleware.rb:22:in `block in call'
web-console (3.7.0) lib/web_console/middleware.rb:20:in `catch'
web-console (3.7.0) lib/web_console/middleware.rb:20:in `call'
actionpack (5.2.3) lib/action_dispatch/middleware/show_exceptions.rb:33:in `call'
railties (5.2.3) lib/rails/rack/logger.rb:38:in `call_app'
railties (5.2.3) lib/rails/rack/logger.rb:26:in `block in call'
activesupport (5.2.3) lib/active_support/tagged_logging.rb:71:in `block in tagged'
activesupport (5.2.3) lib/active_support/tagged_logging.rb:28:in `tagged'
activesupport (5.2.3) lib/active_support/tagged_logging.rb:71:in `tagged'
railties (5.2.3) lib/rails/rack/logger.rb:26:in `call'
sprockets-rails (3.2.1) lib/sprockets/rails/quiet_assets.rb:11:in `block in call'
activesupport (5.2.3) lib/active_support/logger_silence.rb:21:in `silence'
activesupport (5.2.3) lib/active_support/logger.rb:65:in `block (3 levels) in broadcast'
activesupport (5.2.3) lib/active_support/logger_silence.rb:21:in `silence'
activesupport (5.2.3) lib/active_support/logger.rb:63:in `block (2 levels) in broadcast'
sprockets-rails (3.2.1) lib/sprockets/rails/quiet_assets.rb:11:in `call'
actionpack (5.2.3) lib/action_dispatch/middleware/remote_ip.rb:81:in `call'
actionpack (5.2.3) lib/action_dispatch/middleware/request_id.rb:27:in `call'
rack (2.0.7) lib/rack/method_override.rb:22:in `call'
rack (2.0.7) lib/rack/runtime.rb:22:in `call'
activesupport (5.2.3) lib/active_support/cache/strategy/local_cache_middleware.rb:29:in `call'
actionpack (5.2.3) lib/action_dispatch/middleware/executor.rb:14:in `call'
actionpack (5.2.3) lib/action_dispatch/middleware/static.rb:127:in `call'
rack (2.0.7) lib/rack/sendfile.rb:111:in `call'
railties (5.2.3) lib/rails/engine.rb:524:in `call'
puma (3.12.1) lib/puma/configuration.rb:227:in `call'
puma (3.12.1) lib/puma/server.rb:660:in `handle_request'
puma (3.12.1) lib/puma/server.rb:474:in `process_client'
puma (3.12.1) lib/puma/server.rb:334:in `block in run'
puma (3.12.1) lib/puma/thread_pool.rb:135:in `block in spawn_thread'
Started GET "/" for 10.0.2.2 at 2019-08-29 18:50:00 +0000
Cannot render console from 10.0.2.2! Allowed networks: 127.0.0.1, ::1, 127.0.0.0/127.255.255.255
Processing by TopsController#index as HTML
  Rendering tops/index.html.erb within layouts/application
  Rendered tops/index.html.erb within layouts/application (0.7ms)
  [1m[36mUser Load (0.9ms)[0m  [1m[34mSELECT  "users".* FROM "users" WHERE "users"."id" = ? ORDER BY "users"."id" ASC LIMIT ?[0m  [["id", 1], ["LIMIT", 1]]
  â†³ app/views/layouts/application.html.erb:28
Completed 200 OK in 416ms (Views: 395.5ms | ActiveRecord: 0.9ms)


Started GET "/" for 10.0.2.2 at 2019-08-30 08:50:23 +0000
Cannot render console from 10.0.2.2! Allowed networks: 127.0.0.1, ::1, 127.0.0.0/127.255.255.255
  [1m[35m (1.6ms)[0m  [1m[34mSELECT "schema_migrations"."version" FROM "schema_migrations" ORDER BY "schema_migrations"."version" ASC[0m
  â†³ /var/lib/gems/2.5.0/gems/activerecord-5.2.3/lib/active_record/log_subscriber.rb:98
Processing by TopsController#index as HTML
  Rendering tops/index.html.erb within layouts/application
  Rendered tops/index.html.erb within layouts/application (1.3ms)
  [1m[36mUser Load (1.3ms)[0m  [1m[34mSELECT  "users".* FROM "users" WHERE "users"."id" = ? ORDER BY "users"."id" ASC LIMIT ?[0m  [["id", 1], ["LIMIT", 1]]
  â†³ app/views/layouts/application.html.erb:29
Completed 200 OK in 2375ms (Views: 2340.6ms | ActiveRecord: 7.2ms)


Started GET "/users/stores" for 10.0.2.2 at 2019-08-30 13:51:52 +0000
Cannot render console from 10.0.2.2! Allowed networks: 127.0.0.1, ::1, 127.0.0.0/127.255.255.255
Processing by Users::StoresController#index as HTML
  [1m[36mUser Load (1.7ms)[0m  [1m[34mSELECT  "users".* FROM "users" WHERE "users"."id" = ? ORDER BY "users"."id" ASC LIMIT ?[0m  [["id", 1], ["LIMIT", 1]]
  â†³ /var/lib/gems/2.5.0/gems/activerecord-5.2.3/lib/active_record/log_subscriber.rb:98
  Rendering users/stores/index.html.erb within layouts/application
  [1m[36mStore Load (2.1ms)[0m  [1m[34mSELECT  "stores".* FROM "stores" ORDER BY "stores"."id" DESC LIMIT ? OFFSET ?[0m  [["LIMIT", 20], ["OFFSET", 0]]
  â†³ app/views/users/stores/index.html.erb:18
  [1m[36mStoreImage Load (1.5ms)[0m  [1m[34mSELECT "store_images".* FROM "store_images" WHERE "store_images"."store_id" = ?[0m  [["store_id", 1]]
  â†³ app/views/users/stores/index.html.erb:27
  Rendered users/stores/index.html.erb within layouts/application (112.4ms)
Completed 200 OK in 633ms (Views: 561.5ms | ActiveRecord: 16.9ms)


Started GET "/" for 10.0.2.2 at 2019-08-30 13:52:37 +0000
Cannot render console from 10.0.2.2! Allowed networks: 127.0.0.1, ::1, 127.0.0.0/127.255.255.255
Processing by TopsController#index as HTML
  Rendering tops/index.html.erb within layouts/application
  Rendered tops/index.html.erb within layouts/application (0.7ms)
  [1m[36mUser Load (1.3ms)[0m  [1m[34mSELECT  "users".* FROM "users" WHERE "users"."id" = ? ORDER BY "users"."id" ASC LIMIT ?[0m  [["id", 1], ["LIMIT", 1]]
  â†³ app/views/layouts/application.html.erb:29
Completed 200 OK in 505ms (Views: 464.0ms | ActiveRecord: 1.3ms)


Started GET "/users/stores" for 10.0.2.2 at 2019-08-30 13:52:45 +0000
Cannot render console from 10.0.2.2! Allowed networks: 127.0.0.1, ::1, 127.0.0.0/127.255.255.255
Processing by Users::StoresController#index as HTML
  [1m[36mUser Load (1.1ms)[0m  [1m[34mSELECT  "users".* FROM "users" WHERE "users"."id" = ? ORDER BY "users"."id" ASC LIMIT ?[0m  [["id", 1], ["LIMIT", 1]]
  â†³ /var/lib/gems/2.5.0/gems/activerecord-5.2.3/lib/active_record/log_subscriber.rb:98
  Rendering users/stores/index.html.erb within layouts/application
  [1m[36mStore Load (1.1ms)[0m  [1m[34mSELECT  "stores".* FROM "stores" ORDER BY "stores"."id" DESC LIMIT ? OFFSET ?[0m  [["LIMIT", 20], ["OFFSET", 0]]
  â†³ app/views/users/stores/index.html.erb:18
  [1m[36mStoreImage Load (1.4ms)[0m  [1m[34mSELECT "store_images".* FROM "store_images" WHERE "store_images"."store_id" = ?[0m  [["store_id", 1]]
  â†³ app/views/users/stores/index.html.erb:27
  Rendered users/stores/index.html.erb within layouts/application (62.2ms)
Completed 200 OK in 498ms (Views: 468.7ms | ActiveRecord: 3.6ms)


Started GET "/users/stores/new" for 10.0.2.2 at 2019-08-30 14:11:20 +0000
Cannot render console from 10.0.2.2! Allowed networks: 127.0.0.1, ::1, 127.0.0.0/127.255.255.255
  [1m[35m (1.7ms)[0m  [1m[34mSELECT "schema_migrations"."version" FROM "schema_migrations" ORDER BY "schema_migrations"."version" ASC[0m
  â†³ /var/lib/gems/2.5.0/gems/activerecord-5.2.3/lib/active_record/log_subscriber.rb:98
Processing by Users::StoresController#new as HTML
  [1m[36mUser Load (1.8ms)[0m  [1m[34mSELECT  "users".* FROM "users" WHERE "users"."id" = ? ORDER BY "users"."id" ASC LIMIT ?[0m  [["id", 1], ["LIMIT", 1]]
  â†³ /var/lib/gems/2.5.0/gems/activerecord-5.2.3/lib/active_record/log_subscriber.rb:98
  Rendering users/stores/new.html.erb within layouts/application
  Rendered users/stores/new.html.erb within layouts/application (1473.1ms)
Completed 200 OK in 2428ms (Views: 2300.7ms | ActiveRecord: 20.0ms)


Started POST "/users/stores" for 10.0.2.2 at 2019-08-30 14:11:38 +0000
Cannot render console from 10.0.2.2! Allowed networks: 127.0.0.1, ::1, 127.0.0.0/127.255.255.255
Processing by Users::StoresController#create as HTML
  Parameters: {"utf8"=>"âœ“", "authenticity_token"=>"2i7YhgEpHIjUOFGwKpjSB14ttKj5addNEwT+oCYFPE2bzPeqk8qSgkJYqHbRrp6oNboQ8kqlAXBisUiXUMSCGA==", "store"=>{"store_name"=>"ç‚¹", "genre"=>"å’Œé£Ÿ", "price"=>"ï½žï¿¥999å††", "waittime"=>"15åˆ†æœªæº€", "taste"=>"0.5", "appearance"=>"0.5", "atmosphere"=>"1", "release"=>"å…¬é–‹", "area"=>"åŒ—æµ·é“", "station"=>"", "people_number"=>"1äºº", "store_address"=>"åŸ¼çŽ‰", "impression"=>""}, "commit"=>"ãŠåº—ç™»éŒ²"}
  [1m[36mUser Load (1.2ms)[0m  [1m[34mSELECT  "users".* FROM "users" WHERE "users"."id" = ? ORDER BY "users"."id" ASC LIMIT ?[0m  [["id", 1], ["LIMIT", 1]]
  â†³ /var/lib/gems/2.5.0/gems/activerecord-5.2.3/lib/active_record/log_subscriber.rb:98
  [1m[35m (0.1ms)[0m  [1m[36mbegin transaction[0m
  â†³ app/controllers/users/stores_controller.rb:32
  [1m[35m (0.1ms)[0m  [1m[31mrollback transaction[0m
  â†³ app/controllers/users/stores_controller.rb:32
Completed 500 Internal Server Error in 137ms (ActiveRecord: 1.4ms)


  
NoMethodError (undefined method `[]' for nil:NilClass):
  
app/models/store.rb:60:in `geocode'
app/controllers/users/stores_controller.rb:32:in `create'
Started POST "/users/stores" for 10.0.2.2 at 2019-08-30 14:13:53 +0000
Cannot render console from 10.0.2.2! Allowed networks: 127.0.0.1, ::1, 127.0.0.0/127.255.255.255
  [1m[35m (1.1ms)[0m  [1m[34mSELECT "schema_migrations"."version" FROM "schema_migrations" ORDER BY "schema_migrations"."version" ASC[0m
  â†³ /var/lib/gems/2.5.0/gems/activerecord-5.2.3/lib/active_record/log_subscriber.rb:98
Processing by Users::StoresController#create as HTML
  Parameters: {"utf8"=>"âœ“", "authenticity_token"=>"2i7YhgEpHIjUOFGwKpjSB14ttKj5addNEwT+oCYFPE2bzPeqk8qSgkJYqHbRrp6oNboQ8kqlAXBisUiXUMSCGA==", "store"=>{"store_name"=>"ç‚¹", "genre"=>"å’Œé£Ÿ", "price"=>"ï½žï¿¥999å††", "waittime"=>"15åˆ†æœªæº€", "taste"=>"2.5", "appearance"=>"2.5", "atmosphere"=>"2.5", "release"=>"å…¬é–‹", "area"=>"åŒ—æµ·é“", "station"=>"", "people_number"=>"1äºº", "store_address"=>"åŸ¼çŽ‰", "impression"=>""}, "commit"=>"ãŠåº—ç™»éŒ²"}
  [1m[36mUser Load (1.5ms)[0m  [1m[34mSELECT  "users".* FROM "users" WHERE "users"."id" = ? ORDER BY "users"."id" ASC LIMIT ?[0m  [["id", 1], ["LIMIT", 1]]
  â†³ /var/lib/gems/2.5.0/gems/activerecord-5.2.3/lib/active_record/log_subscriber.rb:98
  [1m[35m (0.0ms)[0m  [1m[36mbegin transaction[0m
  â†³ app/controllers/users/stores_controller.rb:32
  [1m[36mStore Create (19.5ms)[0m  [1m[32mINSERT INTO "stores" ("store_name", "user_id", "genre", "waittime", "release", "area", "price", "station", "people_number", "store_address", "impression", "taste", "appearance", "atmosphere", "latitude", "longitude", "created_at", "updated_at") VALUES (?, ?, ?, ?, ?, ?, ?, ?, ?, ?, ?, ?, ?, ?, ?, ?, ?, ?)[0m  [["store_name", "ç‚¹"], ["user_id", 1], ["genre", 1], ["waittime", 1], ["release", 1], ["area", 1], ["price", 1], ["station", ""], ["people_number", 1], ["store_address", "åŸ¼çŽ‰"], ["impression", ""], ["taste", 2.5], ["appearance", 2.5], ["atmosphere", 2.5], ["latitude", 35.9962513], ["longitude", 139.4466005], ["created_at", "2019-08-30 14:13:54.531510"], ["updated_at", "2019-08-30 14:13:54.531510"]]
  â†³ app/controllers/users/stores_controller.rb:32
  [1m[35m (7.3ms)[0m  [1m[36mcommit transaction[0m
  â†³ app/controllers/users/stores_controller.rb:32
Redirected to http://localhost:3000/users/stores/2
Completed 302 Found in 855ms (ActiveRecord: 38.7ms)


Started GET "/users/stores/2" for 10.0.2.2 at 2019-08-30 14:13:54 +0000
Cannot render console from 10.0.2.2! Allowed networks: 127.0.0.1, ::1, 127.0.0.0/127.255.255.255
Processing by Users::StoresController#show as HTML
  Parameters: {"id"=>"2"}
  [1m[36mUser Load (1.6ms)[0m  [1m[34mSELECT  "users".* FROM "users" WHERE "users"."id" = ? ORDER BY "users"."id" ASC LIMIT ?[0m  [["id", 1], ["LIMIT", 1]]
  â†³ /var/lib/gems/2.5.0/gems/activerecord-5.2.3/lib/active_record/log_subscriber.rb:98
  [1m[36mStore Load (1.8ms)[0m  [1m[34mSELECT  "stores".* FROM "stores" WHERE "stores"."id" = ? LIMIT ?[0m  [["id", 2], ["LIMIT", 1]]
  â†³ app/controllers/users/stores_controller.rb:20
  Rendering users/stores/show.html.erb within layouts/application
  [1m[36mFavorite Exists (1.5ms)[0m  [1m[34mSELECT  1 AS one FROM "favorites" WHERE "favorites"."store_id" = ? AND "favorites"."user_id" = ? LIMIT ?[0m  [["store_id", 2], ["user_id", 1], ["LIMIT", 1]]
  â†³ app/models/store.rb:36
  [1m[36mStoreImage Load (1.3ms)[0m  [1m[34mSELECT "store_images".* FROM "store_images" WHERE "store_images"."store_id" = ?[0m  [["store_id", 2]]
  â†³ app/views/users/stores/show.html.erb:34
  [1m[36mUser Load (1.4ms)[0m  [1m[34mSELECT  "users".* FROM "users" WHERE "users"."id" = ? LIMIT ?[0m  [["id", 1], ["LIMIT", 1]]
  â†³ app/views/users/stores/show.html.erb:157
  Rendered users/stores/show.html.erb within layouts/application (1513.4ms)
Completed 200 OK in 2393ms (Views: 2349.0ms | ActiveRecord: 13.0ms)


Started GET "/users/stores/2/edit" for 10.0.2.2 at 2019-08-30 14:16:00 +0000
Cannot render console from 10.0.2.2! Allowed networks: 127.0.0.1, ::1, 127.0.0.0/127.255.255.255
Processing by Users::StoresController#edit as HTML
  Parameters: {"id"=>"2"}
  [1m[36mUser Load (1.4ms)[0m  [1m[34mSELECT  "users".* FROM "users" WHERE "users"."id" = ? ORDER BY "users"."id" ASC LIMIT ?[0m  [["id", 1], ["LIMIT", 1]]
  â†³ /var/lib/gems/2.5.0/gems/activerecord-5.2.3/lib/active_record/log_subscriber.rb:98
  [1m[36mStore Load (1.1ms)[0m  [1m[34mSELECT  "stores".* FROM "stores" WHERE "stores"."id" = ? LIMIT ?[0m  [["id", 2], ["LIMIT", 1]]
  â†³ app/controllers/users/stores_controller.rb:70
  [1m[36mUser Load (1.4ms)[0m  [1m[34mSELECT  "users".* FROM "users" WHERE "users"."id" = ? LIMIT ?[0m  [["id", 1], ["LIMIT", 1]]
  â†³ app/controllers/users/stores_controller.rb:71
  [1m[36mCACHE Store Load (0.0ms)[0m  [1m[34mSELECT  "stores".* FROM "stores" WHERE "stores"."id" = ? LIMIT ?[0m  [["id", 2], ["LIMIT", 1]]
  â†³ app/controllers/users/stores_controller.rb:42
  Rendering users/stores/edit.html.erb within layouts/application
  [1m[36mStoreImage Load (1.7ms)[0m  [1m[34mSELECT "store_images".* FROM "store_images" WHERE "store_images"."store_id" = ?[0m  [["store_id", 2]]
  â†³ /home/vagrant/.bundle/ruby/2.5.0/refile-e690bf5c2d83/lib/refile/attachment/multiple_attachments.rb:16
  Rendered users/stores/edit.html.erb within layouts/application (71.1ms)
Completed 200 OK in 695ms (Views: 622.2ms | ActiveRecord: 8.9ms)


Started PATCH "/users/stores/2" for 10.0.2.2 at 2019-08-30 14:16:10 +0000
Cannot render console from 10.0.2.2! Allowed networks: 127.0.0.1, ::1, 127.0.0.0/127.255.255.255
Processing by Users::StoresController#update as HTML
  Parameters: {"utf8"=>"âœ“", "authenticity_token"=>"/x65YfRQLV+kmFp9NKATQuPR4M9zzkFr3woBloSni6u+/JZNZrOjVTL4o7vPll/tiEZElcACl1auv7eh8mY1/g==", "store"=>{"store_name"=>"ç‚¹", "genre"=>"å’Œé£Ÿ", "price"=>"ï½žï¿¥999å††", "waittime"=>"15åˆ†æœªæº€", "taste"=>"3.5", "appearance"=>"3.5", "atmosphere"=>"4", "release"=>"å…¬é–‹", "area"=>"åŒ—æµ·é“", "station"=>"", "people_number"=>"1äºº", "store_address"=>"ã‚", "impression"=>""}, "commit"=>"ç·¨é›†å®Œäº†", "id"=>"2"}
  [1m[36mUser Load (1.8ms)[0m  [1m[34mSELECT  "users".* FROM "users" WHERE "users"."id" = ? ORDER BY "users"."id" ASC LIMIT ?[0m  [["id", 1], ["LIMIT", 1]]
  â†³ /var/lib/gems/2.5.0/gems/activerecord-5.2.3/lib/active_record/log_subscriber.rb:98
  [1m[36mStore Load (1.5ms)[0m  [1m[34mSELECT  "stores".* FROM "stores" WHERE "stores"."id" = ? LIMIT ?[0m  [["id", 2], ["LIMIT", 1]]
  â†³ app/controllers/users/stores_controller.rb:70
  [1m[36mUser Load (1.5ms)[0m  [1m[34mSELECT  "users".* FROM "users" WHERE "users"."id" = ? LIMIT ?[0m  [["id", 1], ["LIMIT", 1]]
  â†³ app/controllers/users/stores_controller.rb:71
  [1m[36mCACHE Store Load (0.0ms)[0m  [1m[34mSELECT  "stores".* FROM "stores" WHERE "stores"."id" = ? LIMIT ?[0m  [["id", 2], ["LIMIT", 1]]
  â†³ app/controllers/users/stores_controller.rb:47
  [1m[35m (0.0ms)[0m  [1m[36mbegin transaction[0m
  â†³ app/controllers/users/stores_controller.rb:49
  [1m[35m (0.1ms)[0m  [1m[31mrollback transaction[0m
  â†³ app/controllers/users/stores_controller.rb:49
Completed 500 Internal Server Error in 582ms (ActiveRecord: 4.9ms)


  
NoMethodError (undefined method `[]' for nil:NilClass):
  
app/models/store.rb:60:in `geocode'
app/controllers/users/stores_controller.rb:49:in `update'
Started GET "/users/stores/2/edit" for 10.0.2.2 at 2019-08-30 14:25:37 +0000
Cannot render console from 10.0.2.2! Allowed networks: 127.0.0.1, ::1, 127.0.0.0/127.255.255.255
  [1m[35m (1.4ms)[0m  [1m[34mSELECT "schema_migrations"."version" FROM "schema_migrations" ORDER BY "schema_migrations"."version" ASC[0m
  â†³ /var/lib/gems/2.5.0/gems/activerecord-5.2.3/lib/active_record/log_subscriber.rb:98
Processing by Users::StoresController#edit as HTML
  Parameters: {"id"=>"2"}
  [1m[36mUser Load (1.5ms)[0m  [1m[34mSELECT  "users".* FROM "users" WHERE "users"."id" = ? ORDER BY "users"."id" ASC LIMIT ?[0m  [["id", 1], ["LIMIT", 1]]
  â†³ /var/lib/gems/2.5.0/gems/activerecord-5.2.3/lib/active_record/log_subscriber.rb:98
  [1m[36mStore Load (1.0ms)[0m  [1m[34mSELECT  "stores".* FROM "stores" WHERE "stores"."id" = ? LIMIT ?[0m  [["id", 2], ["LIMIT", 1]]
  â†³ app/controllers/users/stores_controller.rb:70
  [1m[36mUser Load (1.5ms)[0m  [1m[34mSELECT  "users".* FROM "users" WHERE "users"."id" = ? LIMIT ?[0m  [["id", 1], ["LIMIT", 1]]
  â†³ app/controllers/users/stores_controller.rb:71
  [1m[36mCACHE Store Load (0.0ms)[0m  [1m[34mSELECT  "stores".* FROM "stores" WHERE "stores"."id" = ? LIMIT ?[0m  [["id", 2], ["LIMIT", 1]]
  â†³ app/controllers/users/stores_controller.rb:42
  Rendering users/stores/edit.html.erb within layouts/application
  [1m[36mStoreImage Load (1.4ms)[0m  [1m[34mSELECT "store_images".* FROM "store_images" WHERE "store_images"."store_id" = ?[0m  [["store_id", 2]]
  â†³ /home/vagrant/.bundle/ruby/2.5.0/refile-e690bf5c2d83/lib/refile/attachment/multiple_attachments.rb:16
  Rendered users/stores/edit.html.erb within layouts/application (1393.1ms)
Completed 200 OK in 2405ms (Views: 2279.7ms | ActiveRecord: 19.4ms)


Started PATCH "/users/stores/2" for 10.0.2.2 at 2019-08-30 14:25:47 +0000
Cannot render console from 10.0.2.2! Allowed networks: 127.0.0.1, ::1, 127.0.0.0/127.255.255.255
Processing by Users::StoresController#update as HTML
  Parameters: {"utf8"=>"âœ“", "authenticity_token"=>"jedkBmKmj20TiA2vhJKJycQn2mpfSQ6JMuGcagfHRhbMBUsq8EUBZ4Xo9Gl/pMVmr7B+MOyF2LRDVCpdcQb4Qw==", "store"=>{"store_name"=>"ç‚¹", "genre"=>"å’Œé£Ÿ", "price"=>"ï½žï¿¥999å††", "waittime"=>"15åˆ†æœªæº€", "taste"=>"3", "appearance"=>"3", "atmosphere"=>"3", "release"=>"å…¬é–‹", "area"=>"åŒ—æµ·é“", "station"=>"", "people_number"=>"1äºº", "store_address"=>"ã‚", "impression"=>""}, "commit"=>"ç·¨é›†å®Œäº†", "id"=>"2"}
  [1m[36mUser Load (2.1ms)[0m  [1m[34mSELECT  "users".* FROM "users" WHERE "users"."id" = ? ORDER BY "users"."id" ASC LIMIT ?[0m  [["id", 1], ["LIMIT", 1]]
  â†³ /var/lib/gems/2.5.0/gems/activerecord-5.2.3/lib/active_record/log_subscriber.rb:98
  [1m[36mStore Load (1.5ms)[0m  [1m[34mSELECT  "stores".* FROM "stores" WHERE "stores"."id" = ? LIMIT ?[0m  [["id", 2], ["LIMIT", 1]]
  â†³ app/controllers/users/stores_controller.rb:70
  [1m[36mUser Load (1.4ms)[0m  [1m[34mSELECT  "users".* FROM "users" WHERE "users"."id" = ? LIMIT ?[0m  [["id", 1], ["LIMIT", 1]]
  â†³ app/controllers/users/stores_controller.rb:71
  [1m[36mCACHE Store Load (0.0ms)[0m  [1m[34mSELECT  "stores".* FROM "stores" WHERE "stores"."id" = ? LIMIT ?[0m  [["id", 2], ["LIMIT", 1]]
  â†³ app/controllers/users/stores_controller.rb:47
  [1m[35m (0.1ms)[0m  [1m[36mbegin transaction[0m
  â†³ app/controllers/users/stores_controller.rb:49
  [1m[36mStore Update (13.6ms)[0m  [1m[33mUPDATE "stores" SET "taste" = ?, "appearance" = ?, "atmosphere" = ?, "store_address" = ?, "latitude" = ?, "longitude" = ?, "updated_at" = ? WHERE "stores"."id" = ?[0m  [["taste", 3.0], ["appearance", 3.0], ["atmosphere", 3.0], ["store_address", "ã‚"], ["latitude", 43.2203266], ["longitude", 142.8634737], ["updated_at", "2019-08-30 14:25:48.900729"], ["id", 2]]
  â†³ app/controllers/users/stores_controller.rb:49
  [1m[35m (6.9ms)[0m  [1m[36mcommit transaction[0m
  â†³ app/controllers/users/stores_controller.rb:49
Redirected to http://localhost:3000/users/stores/2
Completed 302 Found in 922ms (ActiveRecord: 25.5ms)


Started GET "/users/stores/2" for 10.0.2.2 at 2019-08-30 14:25:48 +0000
Cannot render console from 10.0.2.2! Allowed networks: 127.0.0.1, ::1, 127.0.0.0/127.255.255.255
Processing by Users::StoresController#show as HTML
  Parameters: {"id"=>"2"}
  [1m[36mUser Load (1.4ms)[0m  [1m[34mSELECT  "users".* FROM "users" WHERE "users"."id" = ? ORDER BY "users"."id" ASC LIMIT ?[0m  [["id", 1], ["LIMIT", 1]]
  â†³ /var/lib/gems/2.5.0/gems/activerecord-5.2.3/lib/active_record/log_subscriber.rb:98
  [1m[36mStore Load (1.0ms)[0m  [1m[34mSELECT  "stores".* FROM "stores" WHERE "stores"."id" = ? LIMIT ?[0m  [["id", 2], ["LIMIT", 1]]
  â†³ app/controllers/users/stores_controller.rb:20
  Rendering users/stores/show.html.erb within layouts/application
  [1m[36mFavorite Exists (1.2ms)[0m  [1m[34mSELECT  1 AS one FROM "favorites" WHERE "favorites"."store_id" = ? AND "favorites"."user_id" = ? LIMIT ?[0m  [["store_id", 2], ["user_id", 1], ["LIMIT", 1]]
  â†³ app/models/store.rb:36
  [1m[36mStoreImage Load (1.4ms)[0m  [1m[34mSELECT "store_images".* FROM "store_images" WHERE "store_images"."store_id" = ?[0m  [["store_id", 2]]
  â†³ app/views/users/stores/show.html.erb:34
  [1m[36mUser Load (1.2ms)[0m  [1m[34mSELECT  "users".* FROM "users" WHERE "users"."id" = ? LIMIT ?[0m  [["id", 1], ["LIMIT", 1]]
  â†³ app/views/users/stores/show.html.erb:157
  Rendered users/stores/show.html.erb within layouts/application (54.8ms)
Completed 200 OK in 572ms (Views: 534.8ms | ActiveRecord: 8.9ms)


Started GET "/users/stores/2/edit" for 10.0.2.2 at 2019-08-30 14:26:13 +0000
Cannot render console from 10.0.2.2! Allowed networks: 127.0.0.1, ::1, 127.0.0.0/127.255.255.255
Processing by Users::StoresController#edit as HTML
  Parameters: {"id"=>"2"}
  [1m[36mUser Load (1.0ms)[0m  [1m[34mSELECT  "users".* FROM "users" WHERE "users"."id" = ? ORDER BY "users"."id" ASC LIMIT ?[0m  [["id", 1], ["LIMIT", 1]]
  â†³ /var/lib/gems/2.5.0/gems/activerecord-5.2.3/lib/active_record/log_subscriber.rb:98
  [1m[36mStore Load (1.1ms)[0m  [1m[34mSELECT  "stores".* FROM "stores" WHERE "stores"."id" = ? LIMIT ?[0m  [["id", 2], ["LIMIT", 1]]
  â†³ app/controllers/users/stores_controller.rb:70
  [1m[36mUser Load (1.1ms)[0m  [1m[34mSELECT  "users".* FROM "users" WHERE "users"."id" = ? LIMIT ?[0m  [["id", 1], ["LIMIT", 1]]
  â†³ app/controllers/users/stores_controller.rb:71
  [1m[36mCACHE Store Load (0.0ms)[0m  [1m[34mSELECT  "stores".* FROM "stores" WHERE "stores"."id" = ? LIMIT ?[0m  [["id", 2], ["LIMIT", 1]]
  â†³ app/controllers/users/stores_controller.rb:42
  Rendering users/stores/edit.html.erb within layouts/application
  [1m[36mStoreImage Load (1.0ms)[0m  [1m[34mSELECT "store_images".* FROM "store_images" WHERE "store_images"."store_id" = ?[0m  [["store_id", 2]]
  â†³ /home/vagrant/.bundle/ruby/2.5.0/refile-e690bf5c2d83/lib/refile/attachment/multiple_attachments.rb:16
  Rendered users/stores/edit.html.erb within layouts/application (32.3ms)
Completed 200 OK in 515ms (Views: 481.2ms | ActiveRecord: 4.2ms)


Started PATCH "/users/stores/2" for 10.0.2.2 at 2019-08-30 14:26:24 +0000
Cannot render console from 10.0.2.2! Allowed networks: 127.0.0.1, ::1, 127.0.0.0/127.255.255.255
Processing by Users::StoresController#update as HTML
  Parameters: {"utf8"=>"âœ“", "authenticity_token"=>"/pvsuXmiHxU6t841VyFiA6RtaDozqIvLgu2tgM2ZFjO/ecOV60GRH6zXN/OsFy6sz/rMYIBkXfbzWBu3u1ioZg==", "store"=>{"store_name"=>"ç‚¹", "genre"=>"å’Œé£Ÿ", "price"=>"ï½žï¿¥999å††", "waittime"=>"15åˆ†æœªæº€", "taste"=>"4", "appearance"=>"4", "atmosphere"=>"4", "release"=>"å…¬é–‹", "area"=>"åŒ—æµ·é“", "station"=>"", "people_number"=>"1äºº", "store_address"=>"è‰åŠ å¸‚", "impression"=>""}, "commit"=>"ç·¨é›†å®Œäº†", "id"=>"2"}
  [1m[36mUser Load (1.3ms)[0m  [1m[34mSELECT  "users".* FROM "users" WHERE "users"."id" = ? ORDER BY "users"."id" ASC LIMIT ?[0m  [["id", 1], ["LIMIT", 1]]
  â†³ /var/lib/gems/2.5.0/gems/activerecord-5.2.3/lib/active_record/log_subscriber.rb:98
  [1m[36mStore Load (1.6ms)[0m  [1m[34mSELECT  "stores".* FROM "stores" WHERE "stores"."id" = ? LIMIT ?[0m  [["id", 2], ["LIMIT", 1]]
  â†³ app/controllers/users/stores_controller.rb:70
  [1m[36mUser Load (1.0ms)[0m  [1m[34mSELECT  "users".* FROM "users" WHERE "users"."id" = ? LIMIT ?[0m  [["id", 1], ["LIMIT", 1]]
  â†³ app/controllers/users/stores_controller.rb:71
  [1m[36mCACHE Store Load (0.0ms)[0m  [1m[34mSELECT  "stores".* FROM "stores" WHERE "stores"."id" = ? LIMIT ?[0m  [["id", 2], ["LIMIT", 1]]
  â†³ app/controllers/users/stores_controller.rb:47
  [1m[35m (0.0ms)[0m  [1m[36mbegin transaction[0m
  â†³ app/controllers/users/stores_controller.rb:49
  [1m[36mStore Update (11.3ms)[0m  [1m[33mUPDATE "stores" SET "taste" = ?, "appearance" = ?, "atmosphere" = ?, "store_address" = ?, "updated_at" = ? WHERE "stores"."id" = ?[0m  [["taste", 4.0], ["appearance", 4.0], ["atmosphere", 4.0], ["store_address", "è‰åŠ å¸‚"], ["updated_at", "2019-08-30 14:26:25.681004"], ["id", 2]]
  â†³ app/controllers/users/stores_controller.rb:49
  [1m[35m (5.7ms)[0m  [1m[36mcommit transaction[0m
  â†³ app/controllers/users/stores_controller.rb:49
Redirected to http://localhost:3000/users/stores/2
Completed 302 Found in 747ms (ActiveRecord: 20.9ms)


Started GET "/users/stores/2" for 10.0.2.2 at 2019-08-30 14:26:25 +0000
Cannot render console from 10.0.2.2! Allowed networks: 127.0.0.1, ::1, 127.0.0.0/127.255.255.255
Processing by Users::StoresController#show as HTML
  Parameters: {"id"=>"2"}
  [1m[36mUser Load (0.9ms)[0m  [1m[34mSELECT  "users".* FROM "users" WHERE "users"."id" = ? ORDER BY "users"."id" ASC LIMIT ?[0m  [["id", 1], ["LIMIT", 1]]
  â†³ /var/lib/gems/2.5.0/gems/activerecord-5.2.3/lib/active_record/log_subscriber.rb:98
  [1m[36mStore Load (1.0ms)[0m  [1m[34mSELECT  "stores".* FROM "stores" WHERE "stores"."id" = ? LIMIT ?[0m  [["id", 2], ["LIMIT", 1]]
  â†³ app/controllers/users/stores_controller.rb:20
  Rendering users/stores/show.html.erb within layouts/application
  [1m[36mFavorite Exists (1.0ms)[0m  [1m[34mSELECT  1 AS one FROM "favorites" WHERE "favorites"."store_id" = ? AND "favorites"."user_id" = ? LIMIT ?[0m  [["store_id", 2], ["user_id", 1], ["LIMIT", 1]]
  â†³ app/models/store.rb:36
  [1m[36mStoreImage Load (1.1ms)[0m  [1m[34mSELECT "store_images".* FROM "store_images" WHERE "store_images"."store_id" = ?[0m  [["store_id", 2]]
  â†³ app/views/users/stores/show.html.erb:34
  [1m[36mUser Load (0.9ms)[0m  [1m[34mSELECT  "users".* FROM "users" WHERE "users"."id" = ? LIMIT ?[0m  [["id", 1], ["LIMIT", 1]]
  â†³ app/views/users/stores/show.html.erb:157
  Rendered users/stores/show.html.erb within layouts/application (41.8ms)
Completed 200 OK in 500ms (Views: 469.4ms | ActiveRecord: 4.9ms)


Started GET "/users/stores/2/edit" for 10.0.2.2 at 2019-08-30 14:27:01 +0000
Cannot render console from 10.0.2.2! Allowed networks: 127.0.0.1, ::1, 127.0.0.0/127.255.255.255
  [1m[35m (1.5ms)[0m  [1m[34mSELECT "schema_migrations"."version" FROM "schema_migrations" ORDER BY "schema_migrations"."version" ASC[0m
  â†³ /var/lib/gems/2.5.0/gems/activerecord-5.2.3/lib/active_record/log_subscriber.rb:98
Processing by Users::StoresController#edit as HTML
  Parameters: {"id"=>"2"}
  [1m[36mUser Load (1.1ms)[0m  [1m[34mSELECT  "users".* FROM "users" WHERE "users"."id" = ? ORDER BY "users"."id" ASC LIMIT ?[0m  [["id", 1], ["LIMIT", 1]]
  â†³ /var/lib/gems/2.5.0/gems/activerecord-5.2.3/lib/active_record/log_subscriber.rb:98
  [1m[36mStore Load (1.0ms)[0m  [1m[34mSELECT  "stores".* FROM "stores" WHERE "stores"."id" = ? LIMIT ?[0m  [["id", 2], ["LIMIT", 1]]
  â†³ app/controllers/users/stores_controller.rb:70
  [1m[36mUser Load (1.4ms)[0m  [1m[34mSELECT  "users".* FROM "users" WHERE "users"."id" = ? LIMIT ?[0m  [["id", 1], ["LIMIT", 1]]
  â†³ app/controllers/users/stores_controller.rb:71
  [1m[36mCACHE Store Load (0.0ms)[0m  [1m[34mSELECT  "stores".* FROM "stores" WHERE "stores"."id" = ? LIMIT ?[0m  [["id", 2], ["LIMIT", 1]]
  â†³ app/controllers/users/stores_controller.rb:42
  Rendering users/stores/edit.html.erb within layouts/application
  [1m[36mStoreImage Load (1.4ms)[0m  [1m[34mSELECT "store_images".* FROM "store_images" WHERE "store_images"."store_id" = ?[0m  [["store_id", 2]]
  â†³ /home/vagrant/.bundle/ruby/2.5.0/refile-e690bf5c2d83/lib/refile/attachment/multiple_attachments.rb:16
  Rendered users/stores/edit.html.erb within layouts/application (1293.4ms)
Completed 200 OK in 2157ms (Views: 2034.6ms | ActiveRecord: 17.8ms)


Started PATCH "/users/stores/2" for 10.0.2.2 at 2019-08-30 14:27:12 +0000
Cannot render console from 10.0.2.2! Allowed networks: 127.0.0.1, ::1, 127.0.0.0/127.255.255.255
Processing by Users::StoresController#update as HTML
  Parameters: {"utf8"=>"âœ“", "authenticity_token"=>"O6e7uWiZWqsHTcdfYOcELv1ZI6u6swTVSGO3Xc6Tzmx6RZSV+nrUoZEtPpmb0UiBls6H8Ql/0ug51gFquFJwOQ==", "store"=>{"store_name"=>"ç‚¹", "genre"=>"å’Œé£Ÿ", "price"=>"ï½žï¿¥999å††", "waittime"=>"15åˆ†æœªæº€", "taste"=>"3", "appearance"=>"3", "atmosphere"=>"2.5", "release"=>"å…¬é–‹", "area"=>"åŒ—æµ·é“", "station"=>"", "people_number"=>"1äºº", "store_address"=>"ã‚", "impression"=>""}, "commit"=>"ç·¨é›†å®Œäº†", "id"=>"2"}
  [1m[36mUser Load (1.2ms)[0m  [1m[34mSELECT  "users".* FROM "users" WHERE "users"."id" = ? ORDER BY "users"."id" ASC LIMIT ?[0m  [["id", 1], ["LIMIT", 1]]
  â†³ /var/lib/gems/2.5.0/gems/activerecord-5.2.3/lib/active_record/log_subscriber.rb:98
  [1m[36mStore Load (1.2ms)[0m  [1m[34mSELECT  "stores".* FROM "stores" WHERE "stores"."id" = ? LIMIT ?[0m  [["id", 2], ["LIMIT", 1]]
  â†³ app/controllers/users/stores_controller.rb:70
  [1m[36mUser Load (1.5ms)[0m  [1m[34mSELECT  "users".* FROM "users" WHERE "users"."id" = ? LIMIT ?[0m  [["id", 1], ["LIMIT", 1]]
  â†³ app/controllers/users/stores_controller.rb:71
  [1m[36mCACHE Store Load (0.0ms)[0m  [1m[34mSELECT  "stores".* FROM "stores" WHERE "stores"."id" = ? LIMIT ?[0m  [["id", 2], ["LIMIT", 1]]
  â†³ app/controllers/users/stores_controller.rb:47
  [1m[35m (0.0ms)[0m  [1m[36mbegin transaction[0m
  â†³ app/controllers/users/stores_controller.rb:49
  [1m[35m (0.1ms)[0m  [1m[31mrollback transaction[0m
  â†³ app/controllers/users/stores_controller.rb:49
Completed 500 Internal Server Error in 529ms (ActiveRecord: 4.0ms)


  
NoMethodError (undefined method `[]' for nil:NilClass):
  
app/models/store.rb:67:in `geocode'
app/controllers/users/stores_controller.rb:49:in `update'
Started PATCH "/users/stores/2" for 10.0.2.2 at 2019-08-30 14:28:11 +0000
Cannot render console from 10.0.2.2! Allowed networks: 127.0.0.1, ::1, 127.0.0.0/127.255.255.255
  [1m[35m (1.4ms)[0m  [1m[34mSELECT "schema_migrations"."version" FROM "schema_migrations" ORDER BY "schema_migrations"."version" ASC[0m
  â†³ /var/lib/gems/2.5.0/gems/activerecord-5.2.3/lib/active_record/log_subscriber.rb:98
Processing by Users::StoresController#update as HTML
  Parameters: {"utf8"=>"âœ“", "authenticity_token"=>"O6e7uWiZWqsHTcdfYOcELv1ZI6u6swTVSGO3Xc6Tzmx6RZSV+nrUoZEtPpmb0UiBls6H8Ql/0ug51gFquFJwOQ==", "store"=>{"store_name"=>"ç‚¹", "genre"=>"å’Œé£Ÿ", "price"=>"ï½žï¿¥999å††", "waittime"=>"15åˆ†æœªæº€", "taste"=>"1.5", "appearance"=>"1.5", "atmosphere"=>"1.5", "release"=>"å…¬é–‹", "area"=>"çŸ³å·çœŒ", "station"=>"", "people_number"=>"1äºº", "store_address"=>"ã‚", "impression"=>""}, "commit"=>"ç·¨é›†å®Œäº†", "id"=>"2"}
  [1m[36mUser Load (1.1ms)[0m  [1m[34mSELECT  "users".* FROM "users" WHERE "users"."id" = ? ORDER BY "users"."id" ASC LIMIT ?[0m  [["id", 1], ["LIMIT", 1]]
  â†³ /var/lib/gems/2.5.0/gems/activerecord-5.2.3/lib/active_record/log_subscriber.rb:98
  [1m[36mStore Load (1.0ms)[0m  [1m[34mSELECT  "stores".* FROM "stores" WHERE "stores"."id" = ? LIMIT ?[0m  [["id", 2], ["LIMIT", 1]]
  â†³ app/controllers/users/stores_controller.rb:70
  [1m[36mUser Load (1.4ms)[0m  [1m[34mSELECT  "users".* FROM "users" WHERE "users"."id" = ? LIMIT ?[0m  [["id", 1], ["LIMIT", 1]]
  â†³ app/controllers/users/stores_controller.rb:71
  [1m[36mCACHE Store Load (0.0ms)[0m  [1m[34mSELECT  "stores".* FROM "stores" WHERE "stores"."id" = ? LIMIT ?[0m  [["id", 2], ["LIMIT", 1]]
  â†³ app/controllers/users/stores_controller.rb:47
  [1m[35m (0.1ms)[0m  [1m[36mbegin transaction[0m
  â†³ app/controllers/users/stores_controller.rb:49
  [1m[35m (0.0ms)[0m  [1m[31mrollback transaction[0m
  â†³ app/controllers/users/stores_controller.rb:49
Completed 500 Internal Server Error in 492ms (ActiveRecord: 13.5ms)


  
NameError (undefined local variable or method `results' for #<Store:0x00005593bbff97f0>):
  
app/models/store.rb:60:in `geocode'
app/controllers/users/stores_controller.rb:49:in `update'
Started PATCH "/users/stores/2" for 10.0.2.2 at 2019-08-30 14:28:52 +0000
Cannot render console from 10.0.2.2! Allowed networks: 127.0.0.1, ::1, 127.0.0.0/127.255.255.255
  [1m[35m (1.6ms)[0m  [1m[34mSELECT "schema_migrations"."version" FROM "schema_migrations" ORDER BY "schema_migrations"."version" ASC[0m
  â†³ /var/lib/gems/2.5.0/gems/activerecord-5.2.3/lib/active_record/log_subscriber.rb:98
Processing by Users::StoresController#update as HTML
  Parameters: {"utf8"=>"âœ“", "authenticity_token"=>"O6e7uWiZWqsHTcdfYOcELv1ZI6u6swTVSGO3Xc6Tzmx6RZSV+nrUoZEtPpmb0UiBls6H8Ql/0ug51gFquFJwOQ==", "store"=>{"store_name"=>"ç‚¹", "genre"=>"å’Œé£Ÿ", "price"=>"ï½žï¿¥999å††", "waittime"=>"15åˆ†æœªæº€", "taste"=>"1.5", "appearance"=>"2", "atmosphere"=>"2", "release"=>"å…¬é–‹", "area"=>"çŸ³å·çœŒ", "station"=>"", "people_number"=>"1äºº", "store_address"=>"ã‚", "impression"=>""}, "commit"=>"ç·¨é›†å®Œäº†", "id"=>"2"}
  [1m[36mUser Load (1.3ms)[0m  [1m[34mSELECT  "users".* FROM "users" WHERE "users"."id" = ? ORDER BY "users"."id" ASC LIMIT ?[0m  [["id", 1], ["LIMIT", 1]]
  â†³ /var/lib/gems/2.5.0/gems/activerecord-5.2.3/lib/active_record/log_subscriber.rb:98
  [1m[36mStore Load (1.6ms)[0m  [1m[34mSELECT  "stores".* FROM "stores" WHERE "stores"."id" = ? LIMIT ?[0m  [["id", 2], ["LIMIT", 1]]
  â†³ app/controllers/users/stores_controller.rb:70
  [1m[36mUser Load (2.0ms)[0m  [1m[34mSELECT  "users".* FROM "users" WHERE "users"."id" = ? LIMIT ?[0m  [["id", 1], ["LIMIT", 1]]
  â†³ app/controllers/users/stores_controller.rb:71
  [1m[36mCACHE Store Load (0.0ms)[0m  [1m[34mSELECT  "stores".* FROM "stores" WHERE "stores"."id" = ? LIMIT ?[0m  [["id", 2], ["LIMIT", 1]]
  â†³ app/controllers/users/stores_controller.rb:47
  [1m[35m (0.1ms)[0m  [1m[36mbegin transaction[0m
  â†³ app/controllers/users/stores_controller.rb:49
  [1m[36mStore Update (6.4ms)[0m  [1m[33mUPDATE "stores" SET "taste" = ?, "appearance" = ?, "atmosphere" = ?, "area" = ?, "store_address" = ?, "latitude" = ?, "longitude" = ?, "updated_at" = ? WHERE "stores"."id" = ?[0m  [["taste", 1.5], ["appearance", 2.0], ["atmosphere", 2.0], ["area", 17], ["store_address", "ã‚"], ["latitude", 36.3260317], ["longitude", 136.5289653], ["updated_at", "2019-08-30 14:28:53.072927"], ["id", 2]]
  â†³ app/controllers/users/stores_controller.rb:49
  [1m[35m (6.9ms)[0m  [1m[36mcommit transaction[0m
  â†³ app/controllers/users/stores_controller.rb:49
Redirected to http://localhost:3000/users/stores/2
Completed 302 Found in 913ms (ActiveRecord: 29.4ms)


Started GET "/users/stores/2" for 10.0.2.2 at 2019-08-30 14:28:53 +0000
Cannot render console from 10.0.2.2! Allowed networks: 127.0.0.1, ::1, 127.0.0.0/127.255.255.255
Processing by Users::StoresController#show as HTML
  Parameters: {"id"=>"2"}
  [1m[36mUser Load (1.2ms)[0m  [1m[34mSELECT  "users".* FROM "users" WHERE "users"."id" = ? ORDER BY "users"."id" ASC LIMIT ?[0m  [["id", 1], ["LIMIT", 1]]
  â†³ /var/lib/gems/2.5.0/gems/activerecord-5.2.3/lib/active_record/log_subscriber.rb:98
  [1m[36mStore Load (1.2ms)[0m  [1m[34mSELECT  "stores".* FROM "stores" WHERE "stores"."id" = ? LIMIT ?[0m  [["id", 2], ["LIMIT", 1]]
  â†³ app/controllers/users/stores_controller.rb:20
  Rendering users/stores/show.html.erb within layouts/application
  [1m[36mFavorite Exists (1.2ms)[0m  [1m[34mSELECT  1 AS one FROM "favorites" WHERE "favorites"."store_id" = ? AND "favorites"."user_id" = ? LIMIT ?[0m  [["store_id", 2], ["user_id", 1], ["LIMIT", 1]]
  â†³ app/models/store.rb:36
  [1m[36mStoreImage Load (0.9ms)[0m  [1m[34mSELECT "store_images".* FROM "store_images" WHERE "store_images"."store_id" = ?[0m  [["store_id", 2]]
  â†³ app/views/users/stores/show.html.erb:34
  [1m[36mUser Load (1.2ms)[0m  [1m[34mSELECT  "users".* FROM "users" WHERE "users"."id" = ? LIMIT ?[0m  [["id", 1], ["LIMIT", 1]]
  â†³ app/views/users/stores/show.html.erb:157
  Rendered users/stores/show.html.erb within layouts/application (1333.6ms)
Completed 200 OK in 2167ms (Views: 2129.9ms | ActiveRecord: 10.1ms)


Started GET "/users/stores/2/edit" for 10.0.2.2 at 2019-08-30 14:29:00 +0000
Cannot render console from 10.0.2.2! Allowed networks: 127.0.0.1, ::1, 127.0.0.0/127.255.255.255
Processing by Users::StoresController#edit as HTML
  Parameters: {"id"=>"2"}
  [1m[36mUser Load (1.3ms)[0m  [1m[34mSELECT  "users".* FROM "users" WHERE "users"."id" = ? ORDER BY "users"."id" ASC LIMIT ?[0m  [["id", 1], ["LIMIT", 1]]
  â†³ /var/lib/gems/2.5.0/gems/activerecord-5.2.3/lib/active_record/log_subscriber.rb:98
  [1m[36mStore Load (1.1ms)[0m  [1m[34mSELECT  "stores".* FROM "stores" WHERE "stores"."id" = ? LIMIT ?[0m  [["id", 2], ["LIMIT", 1]]
  â†³ app/controllers/users/stores_controller.rb:70
  [1m[36mUser Load (1.1ms)[0m  [1m[34mSELECT  "users".* FROM "users" WHERE "users"."id" = ? LIMIT ?[0m  [["id", 1], ["LIMIT", 1]]
  â†³ app/controllers/users/stores_controller.rb:71
  [1m[36mCACHE Store Load (0.0ms)[0m  [1m[34mSELECT  "stores".* FROM "stores" WHERE "stores"."id" = ? LIMIT ?[0m  [["id", 2], ["LIMIT", 1]]
  â†³ app/controllers/users/stores_controller.rb:42
  Rendering users/stores/edit.html.erb within layouts/application
  [1m[36mStoreImage Load (1.2ms)[0m  [1m[34mSELECT "store_images".* FROM "store_images" WHERE "store_images"."store_id" = ?[0m  [["store_id", 2]]
  â†³ /home/vagrant/.bundle/ruby/2.5.0/refile-e690bf5c2d83/lib/refile/attachment/multiple_attachments.rb:16
  Rendered users/stores/edit.html.erb within layouts/application (33.2ms)
Completed 200 OK in 541ms (Views: 499.7ms | ActiveRecord: 7.1ms)


Started PATCH "/users/stores/2" for 10.0.2.2 at 2019-08-30 14:29:16 +0000
Cannot render console from 10.0.2.2! Allowed networks: 127.0.0.1, ::1, 127.0.0.0/127.255.255.255
Processing by Users::StoresController#update as HTML
  Parameters: {"utf8"=>"âœ“", "authenticity_token"=>"8lNlutYFfEjqRoc7widKRb4uGuNSfwm0ErrOaaMXs0CzsUqWRObyQnwmfv05EQbq1bm+ueGz34ljD3he1dYNFQ==", "store"=>{"store_name"=>"ç‚¹", "genre"=>"å’Œé£Ÿ", "price"=>"ï½žï¿¥999å††", "waittime"=>"15åˆ†æœªæº€", "taste"=>"3", "appearance"=>"2.5", "atmosphere"=>"2.5", "release"=>"å…¬é–‹", "area"=>"çŸ³å·çœŒ", "station"=>"", "people_number"=>"1äºº", "store_address"=>"åŸ¼çŽ‰çœŒè‰åŠ å¸‚", "impression"=>""}, "commit"=>"ç·¨é›†å®Œäº†", "id"=>"2"}
  [1m[36mUser Load (1.2ms)[0m  [1m[34mSELECT  "users".* FROM "users" WHERE "users"."id" = ? ORDER BY "users"."id" ASC LIMIT ?[0m  [["id", 1], ["LIMIT", 1]]
  â†³ /var/lib/gems/2.5.0/gems/activerecord-5.2.3/lib/active_record/log_subscriber.rb:98
  [1m[36mStore Load (1.5ms)[0m  [1m[34mSELECT  "stores".* FROM "stores" WHERE "stores"."id" = ? LIMIT ?[0m  [["id", 2], ["LIMIT", 1]]
  â†³ app/controllers/users/stores_controller.rb:70
  [1m[36mUser Load (1.3ms)[0m  [1m[34mSELECT  "users".* FROM "users" WHERE "users"."id" = ? LIMIT ?[0m  [["id", 1], ["LIMIT", 1]]
  â†³ app/controllers/users/stores_controller.rb:71
  [1m[36mCACHE Store Load (0.0ms)[0m  [1m[34mSELECT  "stores".* FROM "stores" WHERE "stores"."id" = ? LIMIT ?[0m  [["id", 2], ["LIMIT", 1]]
  â†³ app/controllers/users/stores_controller.rb:47
  [1m[35m (0.0ms)[0m  [1m[36mbegin transaction[0m
  â†³ app/controllers/users/stores_controller.rb:49
  [1m[36mStore Update (15.4ms)[0m  [1m[33mUPDATE "stores" SET "taste" = ?, "appearance" = ?, "atmosphere" = ?, "store_address" = ?, "updated_at" = ? WHERE "stores"."id" = ?[0m  [["taste", 3.0], ["appearance", 2.5], ["atmosphere", 2.5], ["store_address", "åŸ¼çŽ‰çœŒè‰åŠ å¸‚"], ["updated_at", "2019-08-30 14:29:17.017631"], ["id", 2]]
  â†³ app/controllers/users/stores_controller.rb:49
  [1m[35m (8.4ms)[0m  [1m[36mcommit transaction[0m
  â†³ app/controllers/users/stores_controller.rb:49
Redirected to http://localhost:3000/users/stores/2
Completed 302 Found in 525ms (ActiveRecord: 27.8ms)


Started GET "/users/stores/2" for 10.0.2.2 at 2019-08-30 14:29:17 +0000
Cannot render console from 10.0.2.2! Allowed networks: 127.0.0.1, ::1, 127.0.0.0/127.255.255.255
Processing by Users::StoresController#show as HTML
  Parameters: {"id"=>"2"}
  [1m[36mUser Load (1.2ms)[0m  [1m[34mSELECT  "users".* FROM "users" WHERE "users"."id" = ? ORDER BY "users"."id" ASC LIMIT ?[0m  [["id", 1], ["LIMIT", 1]]
  â†³ /var/lib/gems/2.5.0/gems/activerecord-5.2.3/lib/active_record/log_subscriber.rb:98
  [1m[36mStore Load (1.1ms)[0m  [1m[34mSELECT  "stores".* FROM "stores" WHERE "stores"."id" = ? LIMIT ?[0m  [["id", 2], ["LIMIT", 1]]
  â†³ app/controllers/users/stores_controller.rb:20
  Rendering users/stores/show.html.erb within layouts/application
  [1m[36mFavorite Exists (1.3ms)[0m  [1m[34mSELECT  1 AS one FROM "favorites" WHERE "favorites"."store_id" = ? AND "favorites"."user_id" = ? LIMIT ?[0m  [["store_id", 2], ["user_id", 1], ["LIMIT", 1]]
  â†³ app/models/store.rb:36
  [1m[36mStoreImage Load (1.2ms)[0m  [1m[34mSELECT "store_images".* FROM "store_images" WHERE "store_images"."store_id" = ?[0m  [["store_id", 2]]
  â†³ app/views/users/stores/show.html.erb:34
  [1m[36mUser Load (0.9ms)[0m  [1m[34mSELECT  "users".* FROM "users" WHERE "users"."id" = ? LIMIT ?[0m  [["id", 1], ["LIMIT", 1]]
  â†³ app/views/users/stores/show.html.erb:157
  Rendered users/stores/show.html.erb within layouts/application (48.4ms)
Completed 200 OK in 523ms (Views: 491.6ms | ActiveRecord: 5.7ms)


Started GET "/users/stores/2/edit" for 10.0.2.2 at 2019-08-30 14:30:54 +0000
Cannot render console from 10.0.2.2! Allowed networks: 127.0.0.1, ::1, 127.0.0.0/127.255.255.255
  [1m[35m (1.4ms)[0m  [1m[34mSELECT "schema_migrations"."version" FROM "schema_migrations" ORDER BY "schema_migrations"."version" ASC[0m
  â†³ /var/lib/gems/2.5.0/gems/activerecord-5.2.3/lib/active_record/log_subscriber.rb:98
Processing by Users::StoresController#edit as HTML
  Parameters: {"id"=>"2"}
  [1m[36mUser Load (1.5ms)[0m  [1m[34mSELECT  "users".* FROM "users" WHERE "users"."id" = ? ORDER BY "users"."id" ASC LIMIT ?[0m  [["id", 1], ["LIMIT", 1]]
  â†³ /var/lib/gems/2.5.0/gems/activerecord-5.2.3/lib/active_record/log_subscriber.rb:98
  [1m[36mStore Load (1.3ms)[0m  [1m[34mSELECT  "stores".* FROM "stores" WHERE "stores"."id" = ? LIMIT ?[0m  [["id", 2], ["LIMIT", 1]]
  â†³ app/controllers/users/stores_controller.rb:70
  [1m[36mUser Load (2.0ms)[0m  [1m[34mSELECT  "users".* FROM "users" WHERE "users"."id" = ? LIMIT ?[0m  [["id", 1], ["LIMIT", 1]]
  â†³ app/controllers/users/stores_controller.rb:71
  [1m[36mCACHE Store Load (0.0ms)[0m  [1m[34mSELECT  "stores".* FROM "stores" WHERE "stores"."id" = ? LIMIT ?[0m  [["id", 2], ["LIMIT", 1]]
  â†³ app/controllers/users/stores_controller.rb:42
  Rendering users/stores/edit.html.erb within layouts/application
  [1m[36mStoreImage Load (1.6ms)[0m  [1m[34mSELECT "store_images".* FROM "store_images" WHERE "store_images"."store_id" = ?[0m  [["store_id", 2]]
  â†³ /home/vagrant/.bundle/ruby/2.5.0/refile-e690bf5c2d83/lib/refile/attachment/multiple_attachments.rb:16
  Rendered users/stores/edit.html.erb within layouts/application (1459.3ms)
Completed 200 OK in 2432ms (Views: 2298.9ms | ActiveRecord: 23.6ms)


Started PATCH "/users/stores/2" for 10.0.2.2 at 2019-08-30 14:31:02 +0000
Cannot render console from 10.0.2.2! Allowed networks: 127.0.0.1, ::1, 127.0.0.0/127.255.255.255
Processing by Users::StoresController#update as HTML
  Parameters: {"utf8"=>"âœ“", "authenticity_token"=>"gVOAqHM7UZx4I+nHDHLtlj4TA6H3kfAUYDLYHTI14dfAsa+E4djflu5DEAH3RKE5VYSn+0RdJikRh24qRPRfgg==", "store"=>{"store_name"=>"ç‚¹", "genre"=>"å’Œé£Ÿ", "price"=>"ï½žï¿¥999å††", "waittime"=>"15åˆ†æœªæº€", "taste"=>"3", "appearance"=>"2.5", "atmosphere"=>"2.5", "release"=>"å…¬é–‹", "area"=>"çŸ³å·çœŒ", "station"=>"", "people_number"=>"1äºº", "store_address"=>"åŸ¼çŽ‰çœŒè‰åŠ å¸‚", "impression"=>""}, "commit"=>"ç·¨é›†å®Œäº†", "id"=>"2"}
  [1m[36mUser Load (1.2ms)[0m  [1m[34mSELECT  "users".* FROM "users" WHERE "users"."id" = ? ORDER BY "users"."id" ASC LIMIT ?[0m  [["id", 1], ["LIMIT", 1]]
  â†³ /var/lib/gems/2.5.0/gems/activerecord-5.2.3/lib/active_record/log_subscriber.rb:98
  [1m[36mStore Load (1.4ms)[0m  [1m[34mSELECT  "stores".* FROM "stores" WHERE "stores"."id" = ? LIMIT ?[0m  [["id", 2], ["LIMIT", 1]]
  â†³ app/controllers/users/stores_controller.rb:70
  [1m[36mUser Load (1.2ms)[0m  [1m[34mSELECT  "users".* FROM "users" WHERE "users"."id" = ? LIMIT ?[0m  [["id", 1], ["LIMIT", 1]]
  â†³ app/controllers/users/stores_controller.rb:71
  [1m[36mCACHE Store Load (0.0ms)[0m  [1m[34mSELECT  "stores".* FROM "stores" WHERE "stores"."id" = ? LIMIT ?[0m  [["id", 2], ["LIMIT", 1]]
  â†³ app/controllers/users/stores_controller.rb:47
  [1m[35m (0.0ms)[0m  [1m[36mbegin transaction[0m
  â†³ app/controllers/users/stores_controller.rb:49
  [1m[36mStore Update (7.3ms)[0m  [1m[33mUPDATE "stores" SET "latitude" = ?, "longitude" = ?, "updated_at" = ? WHERE "stores"."id" = ?[0m  [["latitude", 35.8254078], ["longitude", 139.805378], ["updated_at", "2019-08-30 14:31:02.557916"], ["id", 2]]
  â†³ app/controllers/users/stores_controller.rb:49
  [1m[35m (3.0ms)[0m  [1m[36mcommit transaction[0m
  â†³ app/controllers/users/stores_controller.rb:49
Redirected to http://localhost:3000/users/stores/2
Completed 302 Found in 487ms (ActiveRecord: 14.2ms)


Started GET "/users/stores/2" for 10.0.2.2 at 2019-08-30 14:31:02 +0000
Cannot render console from 10.0.2.2! Allowed networks: 127.0.0.1, ::1, 127.0.0.0/127.255.255.255
Processing by Users::StoresController#show as HTML
  Parameters: {"id"=>"2"}
  [1m[36mUser Load (1.1ms)[0m  [1m[34mSELECT  "users".* FROM "users" WHERE "users"."id" = ? ORDER BY "users"."id" ASC LIMIT ?[0m  [["id", 1], ["LIMIT", 1]]
  â†³ /var/lib/gems/2.5.0/gems/activerecord-5.2.3/lib/active_record/log_subscriber.rb:98
  [1m[36mStore Load (1.0ms)[0m  [1m[34mSELECT  "stores".* FROM "stores" WHERE "stores"."id" = ? LIMIT ?[0m  [["id", 2], ["LIMIT", 1]]
  â†³ app/controllers/users/stores_controller.rb:20
  Rendering users/stores/show.html.erb within layouts/application
  [1m[36mFavorite Exists (1.0ms)[0m  [1m[34mSELECT  1 AS one FROM "favorites" WHERE "favorites"."store_id" = ? AND "favorites"."user_id" = ? LIMIT ?[0m  [["store_id", 2], ["user_id", 1], ["LIMIT", 1]]
  â†³ app/models/store.rb:36
  [1m[36mStoreImage Load (0.9ms)[0m  [1m[34mSELECT "store_images".* FROM "store_images" WHERE "store_images"."store_id" = ?[0m  [["store_id", 2]]
  â†³ app/views/users/stores/show.html.erb:34
  [1m[36mUser Load (0.9ms)[0m  [1m[34mSELECT  "users".* FROM "users" WHERE "users"."id" = ? LIMIT ?[0m  [["id", 1], ["LIMIT", 1]]
  â†³ app/views/users/stores/show.html.erb:157
  Rendered users/stores/show.html.erb within layouts/application (47.6ms)
Completed 200 OK in 476ms (Views: 445.1ms | ActiveRecord: 7.0ms)


Started GET "/" for 10.0.2.2 at 2019-08-30 17:04:15 +0000
Cannot render console from 10.0.2.2! Allowed networks: 127.0.0.1, ::1, 127.0.0.0/127.255.255.255
  [1m[35m (1.8ms)[0m  [1m[34mSELECT "schema_migrations"."version" FROM "schema_migrations" ORDER BY "schema_migrations"."version" ASC[0m
  â†³ /var/lib/gems/2.5.0/gems/activerecord-5.2.3/lib/active_record/log_subscriber.rb:98
Processing by TopsController#index as HTML
  Rendering tops/index.html.erb within layouts/application
  Rendered tops/index.html.erb within layouts/application (1.5ms)
  [1m[36mUser Load (1.6ms)[0m  [1m[34mSELECT  "users".* FROM "users" WHERE "users"."id" = ? ORDER BY "users"."id" ASC LIMIT ?[0m  [["id", 1], ["LIMIT", 1]]
  â†³ app/views/layouts/application.html.erb:29
Completed 200 OK in 9651ms (Views: 9611.8ms | ActiveRecord: 8.5ms)


Started GET "/users/stores" for 10.0.2.2 at 2019-08-30 17:04:43 +0000
Cannot render console from 10.0.2.2! Allowed networks: 127.0.0.1, ::1, 127.0.0.0/127.255.255.255
Processing by Users::StoresController#index as HTML
  [1m[36mUser Load (1.3ms)[0m  [1m[34mSELECT  "users".* FROM "users" WHERE "users"."id" = ? ORDER BY "users"."id" ASC LIMIT ?[0m  [["id", 1], ["LIMIT", 1]]
  â†³ /var/lib/gems/2.5.0/gems/activerecord-5.2.3/lib/active_record/log_subscriber.rb:98
  Rendering users/stores/index.html.erb within layouts/application
  [1m[36mStore Load (1.9ms)[0m  [1m[34mSELECT  "stores".* FROM "stores" ORDER BY "stores"."id" DESC LIMIT ? OFFSET ?[0m  [["LIMIT", 20], ["OFFSET", 0]]
  â†³ app/views/users/stores/index.html.erb:18
  [1m[36mStoreImage Load (1.4ms)[0m  [1m[34mSELECT "store_images".* FROM "store_images" WHERE "store_images"."store_id" = ?[0m  [["store_id", 2]]
  â†³ app/views/users/stores/index.html.erb:27
  [1m[36mStoreImage Load (0.9ms)[0m  [1m[34mSELECT "store_images".* FROM "store_images" WHERE "store_images"."store_id" = ?[0m  [["store_id", 1]]
  â†³ app/views/users/stores/index.html.erb:27
  Rendered users/stores/index.html.erb within layouts/application (95.3ms)
Completed 200 OK in 601ms (Views: 536.0ms | ActiveRecord: 15.1ms)


